<?xml version="1.0" encoding="utf-8" standalone="no"?>
<test-run id="2" testcasecount="150" result="Failed" total="150" passed="6" failed="144" inconclusive="0" skipped="0" asserts="7" engine-version="3.6.0.0" clr-version="4.0.30319.42000" start-time="2017-05-25 12:57:41Z" end-time="2017-05-25 13:13:55Z" duration="974.066102">
  <command-line><![CDATA["C:\Program Files (x86)\NUnit.org\nunit-console\nunit3-console.exe"  "C:\branches\1\main-branch\Automation\UI\MyCompanyUiSettings\UI.csproj" --config="Release" --work="C:\Tests\develop-5.1-webautomation-johns-1-v5.1.0.0\2017-05-25_15-57" "--result:TestResults4.xml" --out="TestOutput4.log" --dispose-runners --agents=1 --noheader --workers=3]]></command-line>
  <test-suite type="Assembly" id="1-1343" name="MyCompanyUiSettings.dll" fullname="C:\branches\1\main-branch\Automation\UI\MyCompanyUiSettings\bin\Release\MyCompanyUiSettings.dll" runstate="Runnable" testcasecount="150" result="Failed" site="Child" start-time="2017-05-25 12:57:43Z" end-time="2017-05-25 13:13:54Z" duration="971.435635" total="150" passed="6" failed="144" inconclusive="0" skipped="0" asserts="7">
    <environment framework-version="3.0.5797.27534" clr-version="4.0.30319.42000" os-version="Microsoft Windows NT 6.3.9600.0" platform="Win32NT" cwd="C:\branches\1\main-branch" machine-name="BRC-JENKINS2-AU" user="build-branches-sp" user-domain="BRC-JENKINS2-AU" culture="en-US" uiculture="en-US" os-architecture="x64" />
    <settings>
      <setting name="BasePath" value="C:\branches\1\main-branch\Automation\UI\MyCompanyUiSettings\bin\Release\" />
      <setting name="DisposeRunners" value="True" />
      <setting name="ActiveConfig" value="Release" />
      <setting name="WorkDirectory" value="C:\Tests\develop-5.1-webautomation-johns-1-v5.1.0.0\2017-05-25_15-57" />
      <setting name="MaxAgents" value="1" />
      <setting name="NumberOfTestWorkers" value="3" />
      <setting name="ImageRuntimeVersion" value="4.0.30319" />
      <setting name="ImageTargetFrameworkName" value=".NETFramework,Version=v4.5" />
      <setting name="ImageRequiresX86" value="False" />
      <setting name="ImageRequiresDefaultAppDomainAssemblyResolver" value="False" />
    </settings>
    <properties>
      <property name="_PID" value="9028" />
      <property name="_APPDOMAIN" value="domain-90b76c05-UI.csproj" />
    </properties>
    <failure>
      <message><![CDATA[One or more child tests had errors]]></message>
    </failure>
    <test-suite type="TestSuite" id="1-1344" name="MyCompanyUiSettings" fullname="MyCompanyUiSettings" runstate="Runnable" testcasecount="150" result="Failed" site="Child" start-time="2017-05-25 12:57:43Z" end-time="2017-05-25 13:13:54Z" duration="971.416525" total="150" passed="6" failed="144" inconclusive="0" skipped="0" asserts="7">
      <failure>
        <message><![CDATA[One or more child tests had errors]]></message>
      </failure>
      <test-suite type="TestSuite" id="1-1345" name="Tl" fullname="MyCompanyUiSettings.Tl" runstate="Runnable" testcasecount="150" result="Failed" site="Child" start-time="2017-05-25 12:57:43Z" end-time="2017-05-25 13:13:54Z" duration="971.416391" total="150" passed="6" failed="144" inconclusive="0" skipped="0" asserts="7">
        <failure>
          <message><![CDATA[One or more child tests had errors]]></message>
        </failure>
        <test-suite type="TestSuite" id="1-1362" name="My_Tasks" fullname="MyCompanyUiSettings.Tl.My_Tasks" runstate="Runnable" testcasecount="86" result="Failed" site="Child" start-time="2017-05-25 12:57:43Z" end-time="2017-05-25 13:07:42Z" duration="599.103884" total="86" passed="6" failed="80" inconclusive="0" skipped="0" asserts="7">
          <failure>
            <message><![CDATA[One or more child tests had errors]]></message>
          </failure>
          <test-suite type="TestSuite" id="1-1369" name="_My_Requests" fullname="MyCompanyUiSettings.Tl.My_Tasks._My_Requests" runstate="Runnable" testcasecount="3" result="Failed" site="Child" start-time="2017-05-25 12:57:43Z" end-time="2017-05-25 12:58:54Z" duration="70.607037" total="3" passed="0" failed="3" inconclusive="0" skipped="0" asserts="0">
            <failure>
              <message><![CDATA[One or more child tests had errors]]></message>
            </failure>
            <test-suite type="TestSuite" id="1-1371" name="Grid" fullname="MyCompanyUiSettings.Tl.My_Tasks._My_Requests.Grid" runstate="Runnable" testcasecount="2" result="Failed" site="Child" start-time="2017-05-25 12:57:43Z" end-time="2017-05-25 12:58:20Z" duration="36.695547" total="2" passed="0" failed="2" inconclusive="0" skipped="0" asserts="0">
              <failure>
                <message><![CDATA[One or more child tests had errors]]></message>
              </failure>
              <test-suite type="TestFixture" id="1-1162" name="GridValidation(MyCompanyUiSettings.ParameterInfo)" fullname="MyCompanyUiSettings.Tl.My_Tasks._My_Requests.Grid.GridValidation(MyCompanyUiSettings.ParameterInfo)" classname="MyCompanyUiSettings.Tl.My_Tasks._My_Requests.Grid.GridValidation" runstate="Runnable" testcasecount="2" result="Failed" site="Child" start-time="2017-05-25 12:57:43Z" end-time="2017-05-25 12:58:20Z" duration="36.692873" total="2" passed="0" failed="2" inconclusive="0" skipped="0" asserts="0">
                <failure>
                  <message><![CDATA[One or more child tests had errors]]></message>
                </failure>
                <output><![CDATA[log4net:ERROR XmlHierarchyConfigurator: Cannot find Property [configuration] to set object on [log4net.Repository.Hierarchy.Hierarchy]
]]></output>
                <test-suite type="ParameterizedMethod" id="1-1164" name="UI_MyTask_MR_Grid_GridViewValidation" fullname="MyCompanyUiSettings.Tl.My_Tasks._My_Requests.Grid.GridValidation.UI_MyTask_MR_Grid_GridViewValidation" runstate="Runnable" testcasecount="1" result="Failed" site="Child" start-time="2017-05-25 12:57:49Z" end-time="2017-05-25 12:58:20Z" duration="31.069295" total="1" passed="0" failed="1" inconclusive="0" skipped="0" asserts="0">
                  <failure>
                    <message><![CDATA[One or more child tests had errors]]></message>
                  </failure>
                  <test-case id="1-1163" name="UI_MyTask_MR_Grid_GridViewValidation(True,&quot;chrome&quot;,&quot;/#/tasks/access-certification/overview&quot;)" fullname="MyCompanyUiSettings.Tl.My_Tasks._My_Requests.Grid.GridValidation(MyCompanyUiSettings.ParameterInfo).UI_MyTask_MR_Grid_GridViewValidation(True,&quot;chrome&quot;,&quot;/#/tasks/access-certification/overview&quot;)" methodname="UI_MyTask_MR_Grid_GridViewValidation" classname="MyCompanyUiSettings.Tl.My_Tasks._My_Requests.Grid.GridValidation" runstate="Runnable" seed="273136287" result="Failed" label="Error" start-time="2017-05-25 12:57:49Z" end-time="2017-05-25 12:58:20Z" duration="31.060108" asserts="0">
                    <failure>
                      <message><![CDATA[OpenQA.Selenium.WebDriverTimeoutException : Timed out after 30 seconds
  ----> OpenQA.Selenium.NoSuchElementException : no such element: Unable to locate element: {"method":"xpath","selector":"//span[@translate='_Loading_']"}
  (Session info: chrome=58.0.3029.110)
  (Driver info: chromedriver=2.29.461591 (62ebf098771772160f391d75e589dc567915b233),platform=Windows NT 6.3.9600 x86_64) (WARNING: The server did not provide any stacktrace information)
Command duration or timeout: 0 milliseconds
For documentation on this error, please visit: http://seleniumhq.org/exceptions/no_such_element.html
Build info: version: '3.1.0', revision: '86a5d70', time: '2017-02-16 07:57:44 -0800'
System info: host: 'BRC-JENKINS2-AU', ip: '172.16.61.17', os.name: 'Windows Server 2012 R2', os.arch: 'x86', os.version: '6.3', java.version: '1.8.0_66'
Driver info: org.openqa.selenium.chrome.ChromeDriver
Capabilities [{applicationCacheEnabled=false, rotatable=false, mobileEmulationEnabled=false, networkConnectionEnabled=false, chrome={chromedriverVersion=2.29.461591 (62ebf098771772160f391d75e589dc567915b233), userDataDir=C:\Users\BUILD-~1\AppData\Local\Temp\scoped_dir4620_21443}, takesHeapSnapshot=true, pageLoadStrategy=normal, databaseEnabled=false, handlesAlerts=true, hasTouchScreen=false, version=58.0.3029.110, platform=WIN8_1, browserConnectionEnabled=false, nativeEvents=true, acceptSslCerts=true, locationContextEnabled=true, webStorageEnabled=true, browserName=chrome, takesScreenshot=true, javascriptEnabled=true, cssSelectorsEnabled=true, unexpectedAlertBehaviour=}]
Session ID: 92de3e3859b5e9d2cb692461ba367ced
*** Element info: {Using=xpath, value=//span[@translate='_Loading_']}]]></message>
                      <stack-trace><![CDATA[   at OpenQA.Selenium.Support.UI.DefaultWait`1.ThrowTimeoutException(String exceptionMessage, Exception lastException)
   at OpenQA.Selenium.Support.UI.DefaultWait`1.Until[TResult](Func`2 condition)
   at MyCompanyUiSettings.Bl.Base.waitToLoad() in C:\branches\1\main-branch\Automation\UI\MyCompanyUiSettings\Bl\Base.cs:line 537
   at MyCompanyUiSettings.Tl.My_Tasks._My_Requests.Grid.GridValidation.UI_MyTask_MR_Grid_GridViewValidation(Boolean excute, String browserName, String url) in C:\branches\1\main-branch\Automation\UI\MyCompanyUiSettings\Tl\My Tasks\My Requests\Grid\GridValidation.cs:line 29
--NoSuchElementException
   at OpenQA.Selenium.Remote.RemoteWebDriver.UnpackAndThrowOnError(Response errorResponse)
   at OpenQA.Selenium.Remote.RemoteWebDriver.Execute(String driverCommandToExecute, Dictionary`2 parameters)
   at OpenQA.Selenium.Remote.RemoteWebDriver.FindElement(String mechanism, String value)
   at OpenQA.Selenium.Support.UI.ExpectedConditions.<>c__DisplayClass13.<ElementIsVisible>b__12(IWebDriver driver)
   at OpenQA.Selenium.Support.UI.DefaultWait`1.Until[TResult](Func`2 condition)]]></stack-trace>
                    </failure>
                  </test-case>
                </test-suite>
                <test-suite type="ParameterizedMethod" id="1-1166" name="UI_MyTask_MR_Grid_Paging" fullname="MyCompanyUiSettings.Tl.My_Tasks._My_Requests.Grid.GridValidation.UI_MyTask_MR_Grid_Paging" runstate="Runnable" testcasecount="1" result="Failed" site="Child" start-time="2017-05-25 12:58:20Z" end-time="2017-05-25 12:58:20Z" duration="0.012648" total="1" passed="0" failed="1" inconclusive="0" skipped="0" asserts="0">
                  <failure>
                    <message><![CDATA[One or more child tests had errors]]></message>
                  </failure>
                  <test-case id="1-1165" name="UI_MyTask_MR_Grid_Paging(True,&quot;chrome&quot;,&quot;/#/tasks/access-certification/overview&quot;)" fullname="MyCompanyUiSettings.Tl.My_Tasks._My_Requests.Grid.GridValidation(MyCompanyUiSettings.ParameterInfo).UI_MyTask_MR_Grid_Paging(True,&quot;chrome&quot;,&quot;/#/tasks/access-certification/overview&quot;)" methodname="UI_MyTask_MR_Grid_Paging" classname="MyCompanyUiSettings.Tl.My_Tasks._My_Requests.Grid.GridValidation" runstate="Runnable" seed="1479193744" result="Failed" label="Error" start-time="2017-05-25 12:58:20Z" end-time="2017-05-25 12:58:20Z" duration="0.012473" asserts="0">
                    <failure>
                      <message><![CDATA[System.InvalidOperationException : Session [(null externalkey)] not available and is not among the last 1000 terminated sessions.
Active sessions are[]]]></message>
                      <stack-trace><![CDATA[   at OpenQA.Selenium.Remote.RemoteWebDriver.UnpackAndThrowOnError(Response errorResponse)
   at OpenQA.Selenium.Remote.RemoteWebDriver.Execute(String driverCommandToExecute, Dictionary`2 parameters)
   at OpenQA.Selenium.Remote.RemoteWebDriver.FindElement(String mechanism, String value)
   at OpenQA.Selenium.Support.UI.ExpectedConditions.<>c__DisplayClass13.<ElementIsVisible>b__12(IWebDriver driver)
   at OpenQA.Selenium.Support.UI.DefaultWait`1.Until[TResult](Func`2 condition)
   at MyCompanyUiSettings.Bl.Base.waitToLoad() in C:\branches\1\main-branch\Automation\UI\MyCompanyUiSettings\Bl\Base.cs:line 537
   at MyCompanyUiSettings.Tl.My_Tasks._My_Requests.Grid.GridValidation.UI_MyTask_MR_Grid_Paging(Boolean excute, String browserName, String url) in C:\branches\1\main-branch\Automation\UI\MyCompanyUiSettings\Tl\My Tasks\My Requests\Grid\GridValidation.cs:line 65]]></stack-trace>
                    </failure>
                  </test-case>
                </test-suite>
              </test-suite>
            </test-suite>
            <test-suite type="TestSuite" id="1-1370" name="Paging" fullname="MyCompanyUiSettings.Tl.My_Tasks._My_Requests.Paging" runstate="Runnable" testcasecount="1" result="Failed" site="Child" start-time="2017-05-25 12:57:43Z" end-time="2017-05-25 12:58:54Z" duration="70.605503" total="1" passed="0" failed="1" inconclusive="0" skipped="0" asserts="0">
              <failure>
                <message><![CDATA[One or more child tests had errors]]></message>
              </failure>
              <test-suite type="TestFixture" id="1-1159" name="PagingValidation(MyCompanyUiSettings.ParameterInfo)" fullname="MyCompanyUiSettings.Tl.My_Tasks._My_Requests.Paging.PagingValidation(MyCompanyUiSettings.ParameterInfo)" classname="MyCompanyUiSettings.Tl.My_Tasks._My_Requests.Paging.PagingValidation" runstate="Runnable" testcasecount="1" result="Failed" site="Child" start-time="2017-05-25 12:58:20Z" end-time="2017-05-25 12:58:54Z" duration="33.911473" total="1" passed="0" failed="1" inconclusive="0" skipped="0" asserts="0">
                <failure>
                  <message><![CDATA[One or more child tests had errors]]></message>
                </failure>
                <output><![CDATA[log4net:ERROR XmlHierarchyConfigurator: Cannot find Property [configuration] to set object on [log4net.Repository.Hierarchy.Hierarchy]
]]></output>
                <test-suite type="ParameterizedMethod" id="1-1161" name="UI_MyTasks_MR_Paging_ShowPerPage" fullname="MyCompanyUiSettings.Tl.My_Tasks._My_Requests.Paging.PagingValidation.UI_MyTasks_MR_Paging_ShowPerPage" runstate="Runnable" testcasecount="1" result="Failed" site="Child" start-time="2017-05-25 12:58:23Z" end-time="2017-05-25 12:58:54Z" duration="30.795905" total="1" passed="0" failed="1" inconclusive="0" skipped="0" asserts="0">
                  <failure>
                    <message><![CDATA[One or more child tests had errors]]></message>
                  </failure>
                  <test-case id="1-1160" name="UI_MyTasks_MR_Paging_ShowPerPage(True,&quot;chrome&quot;,&quot;/#/tasks/access-request/overview&quot;)" fullname="MyCompanyUiSettings.Tl.My_Tasks._My_Requests.Paging.PagingValidation(MyCompanyUiSettings.ParameterInfo).UI_MyTasks_MR_Paging_ShowPerPage(True,&quot;chrome&quot;,&quot;/#/tasks/access-request/overview&quot;)" methodname="UI_MyTasks_MR_Paging_ShowPerPage" classname="MyCompanyUiSettings.Tl.My_Tasks._My_Requests.Paging.PagingValidation" runstate="Runnable" seed="598422263" result="Failed" label="Error" start-time="2017-05-25 12:58:23Z" end-time="2017-05-25 12:58:54Z" duration="30.795745" asserts="0">
                    <failure>
                      <message><![CDATA[OpenQA.Selenium.WebDriverTimeoutException : Timed out after 30 seconds
  ----> OpenQA.Selenium.NoSuchElementException : no such element: Unable to locate element: {"method":"xpath","selector":"//span[@translate='_Loading_']"}
  (Session info: chrome=58.0.3029.110)
  (Driver info: chromedriver=2.29.461591 (62ebf098771772160f391d75e589dc567915b233),platform=Windows NT 6.3.9600 x86_64) (WARNING: The server did not provide any stacktrace information)
Command duration or timeout: 0 milliseconds
For documentation on this error, please visit: http://seleniumhq.org/exceptions/no_such_element.html
Build info: version: '3.1.0', revision: '86a5d70', time: '2017-02-16 07:57:44 -0800'
System info: host: 'BRC-JENKINS2-AU', ip: '172.16.61.17', os.name: 'Windows Server 2012 R2', os.arch: 'x86', os.version: '6.3', java.version: '1.8.0_66'
Driver info: org.openqa.selenium.chrome.ChromeDriver
Capabilities [{applicationCacheEnabled=false, rotatable=false, mobileEmulationEnabled=false, networkConnectionEnabled=false, chrome={chromedriverVersion=2.29.461591 (62ebf098771772160f391d75e589dc567915b233), userDataDir=C:\Users\BUILD-~1\AppData\Local\Temp\scoped_dir10904_14349}, takesHeapSnapshot=true, pageLoadStrategy=normal, databaseEnabled=false, handlesAlerts=true, hasTouchScreen=false, version=58.0.3029.110, platform=WIN8_1, browserConnectionEnabled=false, nativeEvents=true, acceptSslCerts=true, locationContextEnabled=true, webStorageEnabled=true, browserName=chrome, takesScreenshot=true, javascriptEnabled=true, cssSelectorsEnabled=true, unexpectedAlertBehaviour=}]
Session ID: 8d83262a43a60462d9eaed6fd8eec81c
*** Element info: {Using=xpath, value=//span[@translate='_Loading_']}]]></message>
                      <stack-trace><![CDATA[   at OpenQA.Selenium.Support.UI.DefaultWait`1.ThrowTimeoutException(String exceptionMessage, Exception lastException)
   at OpenQA.Selenium.Support.UI.DefaultWait`1.Until[TResult](Func`2 condition)
   at MyCompanyUiSettings.Bl.Base.waitToLoad() in C:\branches\1\main-branch\Automation\UI\MyCompanyUiSettings\Bl\Base.cs:line 537
   at MyCompanyUiSettings.Tl.My_Tasks._My_Requests.Paging.PagingValidation.UI_MyTasks_MR_Paging_ShowPerPage(Boolean excute, String browserName, String url) in C:\branches\1\main-branch\Automation\UI\MyCompanyUiSettings\Tl\My Tasks\My Requests\Paging\PagingValidation.cs:line 30
--NoSuchElementException
   at OpenQA.Selenium.Remote.RemoteWebDriver.UnpackAndThrowOnError(Response errorResponse)
   at OpenQA.Selenium.Remote.RemoteWebDriver.Execute(String driverCommandToExecute, Dictionary`2 parameters)
   at OpenQA.Selenium.Remote.RemoteWebDriver.FindElement(String mechanism, String value)
   at OpenQA.Selenium.Support.UI.ExpectedConditions.<>c__DisplayClass13.<ElementIsVisible>b__12(IWebDriver driver)
   at OpenQA.Selenium.Support.UI.DefaultWait`1.Until[TResult](Func`2 condition)]]></stack-trace>
                    </failure>
                  </test-case>
                </test-suite>
              </test-suite>
            </test-suite>
          </test-suite>
          <test-suite type="TestSuite" id="1-1363" name="_Owner_Election" fullname="MyCompanyUiSettings.Tl.My_Tasks._Owner_Election" runstate="Runnable" testcasecount="6" result="Failed" site="Child" start-time="2017-05-25 12:57:43Z" end-time="2017-05-25 13:00:10Z" duration="147.328499" total="6" passed="1" failed="5" inconclusive="0" skipped="0" asserts="4">
            <failure>
              <message><![CDATA[One or more child tests had errors]]></message>
            </failure>
            <test-suite type="TestSuite" id="1-1366" name="Grid" fullname="MyCompanyUiSettings.Tl.My_Tasks._Owner_Election.Grid" runstate="Runnable" testcasecount="2" result="Failed" site="Child" start-time="2017-05-25 12:57:43Z" end-time="2017-05-25 12:59:27Z" duration="104.384294" total="2" passed="0" failed="2" inconclusive="0" skipped="0" asserts="0">
              <failure>
                <message><![CDATA[One or more child tests had errors]]></message>
              </failure>
              <test-suite type="TestFixture" id="1-1149" name="GridValidation(MyCompanyUiSettings.ParameterInfo)" fullname="MyCompanyUiSettings.Tl.My_Tasks._Owner_Election.Grid.GridValidation(MyCompanyUiSettings.ParameterInfo)" classname="MyCompanyUiSettings.Tl.My_Tasks._Owner_Election.Grid.GridValidation" runstate="Runnable" testcasecount="2" result="Failed" site="Child" start-time="2017-05-25 12:58:54Z" end-time="2017-05-25 12:59:27Z" duration="33.778809" total="2" passed="0" failed="2" inconclusive="0" skipped="0" asserts="0">
                <failure>
                  <message><![CDATA[One or more child tests had errors]]></message>
                </failure>
                <output><![CDATA[log4net:ERROR XmlHierarchyConfigurator: Cannot find Property [configuration] to set object on [log4net.Repository.Hierarchy.Hierarchy]
]]></output>
                <test-suite type="ParameterizedMethod" id="1-1153" name="UI_MyTask_MR_Grid_Paging" fullname="MyCompanyUiSettings.Tl.My_Tasks._Owner_Election.Grid.GridValidation.UI_MyTask_MR_Grid_Paging" runstate="Runnable" testcasecount="1" result="Failed" site="Child" start-time="2017-05-25 12:58:57Z" end-time="2017-05-25 12:59:27Z" duration="30.704880" total="1" passed="0" failed="1" inconclusive="0" skipped="0" asserts="0">
                  <failure>
                    <message><![CDATA[One or more child tests had errors]]></message>
                  </failure>
                  <test-case id="1-1152" name="UI_MyTask_MR_Grid_Paging(True,&quot;chrome&quot;,&quot;/#/tasks/access-certification/overview&quot;)" fullname="MyCompanyUiSettings.Tl.My_Tasks._Owner_Election.Grid.GridValidation(MyCompanyUiSettings.ParameterInfo).UI_MyTask_MR_Grid_Paging(True,&quot;chrome&quot;,&quot;/#/tasks/access-certification/overview&quot;)" methodname="UI_MyTask_MR_Grid_Paging" classname="MyCompanyUiSettings.Tl.My_Tasks._Owner_Election.Grid.GridValidation" runstate="Runnable" seed="228728412" result="Failed" label="Error" start-time="2017-05-25 12:58:57Z" end-time="2017-05-25 12:59:27Z" duration="30.704724" asserts="0">
                    <failure>
                      <message><![CDATA[OpenQA.Selenium.WebDriverTimeoutException : Timed out after 30 seconds
  ----> OpenQA.Selenium.NoSuchElementException : no such element: Unable to locate element: {"method":"xpath","selector":"//span[@translate='_Loading_']"}
  (Session info: chrome=58.0.3029.110)
  (Driver info: chromedriver=2.29.461591 (62ebf098771772160f391d75e589dc567915b233),platform=Windows NT 6.3.9600 x86_64) (WARNING: The server did not provide any stacktrace information)
Command duration or timeout: 15 milliseconds
For documentation on this error, please visit: http://seleniumhq.org/exceptions/no_such_element.html
Build info: version: '3.1.0', revision: '86a5d70', time: '2017-02-16 07:57:44 -0800'
System info: host: 'BRC-JENKINS2-AU', ip: '172.16.61.17', os.name: 'Windows Server 2012 R2', os.arch: 'x86', os.version: '6.3', java.version: '1.8.0_66'
Driver info: org.openqa.selenium.chrome.ChromeDriver
Capabilities [{applicationCacheEnabled=false, rotatable=false, mobileEmulationEnabled=false, networkConnectionEnabled=false, chrome={chromedriverVersion=2.29.461591 (62ebf098771772160f391d75e589dc567915b233), userDataDir=C:\Users\BUILD-~1\AppData\Local\Temp\scoped_dir4532_19700}, takesHeapSnapshot=true, pageLoadStrategy=normal, databaseEnabled=false, handlesAlerts=true, hasTouchScreen=false, version=58.0.3029.110, platform=WIN8_1, browserConnectionEnabled=false, nativeEvents=true, acceptSslCerts=true, locationContextEnabled=true, webStorageEnabled=true, browserName=chrome, takesScreenshot=true, javascriptEnabled=true, cssSelectorsEnabled=true, unexpectedAlertBehaviour=}]
Session ID: 891bc8033d47296889867c2e24427c83
*** Element info: {Using=xpath, value=//span[@translate='_Loading_']}]]></message>
                      <stack-trace><![CDATA[   at OpenQA.Selenium.Support.UI.DefaultWait`1.ThrowTimeoutException(String exceptionMessage, Exception lastException)
   at OpenQA.Selenium.Support.UI.DefaultWait`1.Until[TResult](Func`2 condition)
   at MyCompanyUiSettings.Bl.Base.waitToLoad() in C:\branches\1\main-branch\Automation\UI\MyCompanyUiSettings\Bl\Base.cs:line 537
   at MyCompanyUiSettings.Tl.My_Tasks._Owner_Election.Grid.GridValidation.UI_MyTask_MR_Grid_Paging(Boolean excute, String browserName, String url) in C:\branches\1\main-branch\Automation\UI\MyCompanyUiSettings\Tl\My Tasks\Owner Election\Grid\GridValidation.cs:line 60
--NoSuchElementException
   at OpenQA.Selenium.Remote.RemoteWebDriver.UnpackAndThrowOnError(Response errorResponse)
   at OpenQA.Selenium.Remote.RemoteWebDriver.Execute(String driverCommandToExecute, Dictionary`2 parameters)
   at OpenQA.Selenium.Remote.RemoteWebDriver.FindElement(String mechanism, String value)
   at OpenQA.Selenium.Support.UI.ExpectedConditions.<>c__DisplayClass13.<ElementIsVisible>b__12(IWebDriver driver)
   at OpenQA.Selenium.Support.UI.DefaultWait`1.Until[TResult](Func`2 condition)]]></stack-trace>
                    </failure>
                  </test-case>
                </test-suite>
                <test-suite type="ParameterizedMethod" id="1-1151" name="UI_MyTask_OE_Grid_GridViewValidation" fullname="MyCompanyUiSettings.Tl.My_Tasks._Owner_Election.Grid.GridValidation.UI_MyTask_OE_Grid_GridViewValidation" runstate="Runnable" testcasecount="1" result="Failed" site="Child" start-time="2017-05-25 12:59:27Z" end-time="2017-05-25 12:59:27Z" duration="0.005290" total="1" passed="0" failed="1" inconclusive="0" skipped="0" asserts="0">
                  <failure>
                    <message><![CDATA[One or more child tests had errors]]></message>
                  </failure>
                  <test-case id="1-1150" name="UI_MyTask_OE_Grid_GridViewValidation(True,&quot;chrome&quot;,&quot;/#/tasks/access-certification/overview&quot;)" fullname="MyCompanyUiSettings.Tl.My_Tasks._Owner_Election.Grid.GridValidation(MyCompanyUiSettings.ParameterInfo).UI_MyTask_OE_Grid_GridViewValidation(True,&quot;chrome&quot;,&quot;/#/tasks/access-certification/overview&quot;)" methodname="UI_MyTask_OE_Grid_GridViewValidation" classname="MyCompanyUiSettings.Tl.My_Tasks._Owner_Election.Grid.GridValidation" runstate="Runnable" seed="1938940545" result="Failed" label="Error" start-time="2017-05-25 12:59:27Z" end-time="2017-05-25 12:59:27Z" duration="0.005167" asserts="0">
                    <failure>
                      <message><![CDATA[System.InvalidOperationException : Session [(null externalkey)] not available and is not among the last 1000 terminated sessions.
Active sessions are[]]]></message>
                      <stack-trace><![CDATA[   at OpenQA.Selenium.Remote.RemoteWebDriver.UnpackAndThrowOnError(Response errorResponse)
   at OpenQA.Selenium.Remote.RemoteWebDriver.Execute(String driverCommandToExecute, Dictionary`2 parameters)
   at OpenQA.Selenium.Remote.RemoteWebDriver.FindElement(String mechanism, String value)
   at OpenQA.Selenium.Support.UI.ExpectedConditions.<>c__DisplayClass13.<ElementIsVisible>b__12(IWebDriver driver)
   at OpenQA.Selenium.Support.UI.DefaultWait`1.Until[TResult](Func`2 condition)
   at MyCompanyUiSettings.Bl.Base.waitToLoad() in C:\branches\1\main-branch\Automation\UI\MyCompanyUiSettings\Bl\Base.cs:line 537
   at MyCompanyUiSettings.Tl.My_Tasks._Owner_Election.Grid.GridValidation.UI_MyTask_OE_Grid_GridViewValidation(Boolean excute, String browserName, String url) in C:\branches\1\main-branch\Automation\UI\MyCompanyUiSettings\Tl\My Tasks\Owner Election\Grid\GridValidation.cs:line 28]]></stack-trace>
                    </failure>
                  </test-case>
                </test-suite>
              </test-suite>
            </test-suite>
            <test-suite type="TestSuite" id="1-1365" name="Paging" fullname="MyCompanyUiSettings.Tl.My_Tasks._Owner_Election.Paging" runstate="Runnable" testcasecount="2" result="Failed" site="Child" start-time="2017-05-25 12:57:43Z" end-time="2017-05-25 12:59:36Z" duration="113.453977" total="2" passed="1" failed="1" inconclusive="0" skipped="0" asserts="4">
              <failure>
                <message><![CDATA[One or more child tests had errors]]></message>
              </failure>
              <test-suite type="TestFixture" id="1-1144" name="PagingValidation(MyCompanyUiSettings.ParameterInfo)" fullname="MyCompanyUiSettings.Tl.My_Tasks._Owner_Election.Paging.PagingValidation(MyCompanyUiSettings.ParameterInfo)" classname="MyCompanyUiSettings.Tl.My_Tasks._Owner_Election.Paging.PagingValidation" runstate="Runnable" testcasecount="2" result="Failed" site="Child" start-time="2017-05-25 12:59:27Z" end-time="2017-05-25 12:59:36Z" duration="9.069685" total="2" passed="1" failed="1" inconclusive="0" skipped="0" asserts="4">
                <failure>
                  <message><![CDATA[One or more child tests had errors]]></message>
                </failure>
                <output><![CDATA[log4net:ERROR XmlHierarchyConfigurator: Cannot find Property [configuration] to set object on [log4net.Repository.Hierarchy.Hierarchy]
]]></output>
                <test-suite type="ParameterizedMethod" id="1-1146" name="UI_MyTasks_OE_Paging_ShowPerPage" fullname="MyCompanyUiSettings.Tl.My_Tasks._Owner_Election.Paging.PagingValidation.UI_MyTasks_OE_Paging_ShowPerPage" runstate="Runnable" testcasecount="1" result="Passed" start-time="2017-05-25 12:59:31Z" end-time="2017-05-25 12:59:36Z" duration="5.974743" total="1" passed="1" failed="0" inconclusive="0" skipped="0" asserts="4">
                  <test-case id="1-1145" name="UI_MyTasks_OE_Paging_ShowPerPage(&quot;/#/tasks/owners-election/overview&quot;)" fullname="MyCompanyUiSettings.Tl.My_Tasks._Owner_Election.Paging.PagingValidation(MyCompanyUiSettings.ParameterInfo).UI_MyTasks_OE_Paging_ShowPerPage(&quot;/#/tasks/owners-election/overview&quot;)" methodname="UI_MyTasks_OE_Paging_ShowPerPage" classname="MyCompanyUiSettings.Tl.My_Tasks._Owner_Election.Paging.PagingValidation" runstate="Runnable" seed="1414403439" result="Passed" start-time="2017-05-25 12:59:31Z" end-time="2017-05-25 12:59:36Z" duration="5.974509" asserts="4" />
                </test-suite>
                <test-suite type="ParameterizedMethod" id="1-1148" name="UI_MyTasks_OE_ViewOwnersElection" fullname="MyCompanyUiSettings.Tl.My_Tasks._Owner_Election.Paging.PagingValidation.UI_MyTasks_OE_ViewOwnersElection" runstate="Runnable" testcasecount="1" result="Failed" site="Child" start-time="2017-05-25 12:59:36Z" end-time="2017-05-25 12:59:36Z" duration="0.006380" total="1" passed="0" failed="1" inconclusive="0" skipped="0" asserts="0">
                  <failure>
                    <message><![CDATA[One or more child tests had errors]]></message>
                  </failure>
                  <test-case id="1-1147" name="UI_MyTasks_OE_ViewOwnersElection(&quot;/#/tasks/owners-election/overview&quot;)" fullname="MyCompanyUiSettings.Tl.My_Tasks._Owner_Election.Paging.PagingValidation(MyCompanyUiSettings.ParameterInfo).UI_MyTasks_OE_ViewOwnersElection(&quot;/#/tasks/owners-election/overview&quot;)" methodname="UI_MyTasks_OE_ViewOwnersElection" classname="MyCompanyUiSettings.Tl.My_Tasks._Owner_Election.Paging.PagingValidation" runstate="Runnable" seed="476203195" result="Failed" label="Error" start-time="2017-05-25 12:59:36Z" end-time="2017-05-25 12:59:36Z" duration="0.006152" asserts="0">
                    <failure>
                      <message><![CDATA[System.InvalidOperationException : Session [(null externalkey)] not available and is not among the last 1000 terminated sessions.
Active sessions are[]]]></message>
                      <stack-trace><![CDATA[   at OpenQA.Selenium.Remote.RemoteWebDriver.UnpackAndThrowOnError(Response errorResponse)
   at OpenQA.Selenium.Remote.RemoteWebDriver.Execute(String driverCommandToExecute, Dictionary`2 parameters)
   at OpenQA.Selenium.Remote.RemoteWebDriver.FindElement(String mechanism, String value)
   at OpenQA.Selenium.Support.UI.ExpectedConditions.<>c__DisplayClass13.<ElementIsVisible>b__12(IWebDriver driver)
   at OpenQA.Selenium.Support.UI.DefaultWait`1.Until[TResult](Func`2 condition)
   at MyCompanyUiSettings.Bl.OwnersElectionPage.waitToLoad() in C:\branches\1\main-branch\Automation\UI\MyCompanyUiSettings\Bl\OwnersElectionPage.cs:line 175
   at MyCompanyUiSettings.Bl.OwnersElectionPage..ctor(IWebDriver driver) in C:\branches\1\main-branch\Automation\UI\MyCompanyUiSettings\Bl\OwnersElectionPage.cs:line 145
   at MyCompanyUiSettings.Tl.My_Tasks._Owner_Election.Paging.PagingValidation.UI_MyTasks_OE_ViewOwnersElection(String url) in C:\branches\1\main-branch\Automation\UI\MyCompanyUiSettings\Tl\My Tasks\Owner Election\Paging\PagingValidation.cs:line 40]]></stack-trace>
                    </failure>
                  </test-case>
                </test-suite>
              </test-suite>
            </test-suite>
            <test-suite type="TestSuite" id="1-1364" name="Progress" fullname="MyCompanyUiSettings.Tl.My_Tasks._Owner_Election.Progress" runstate="Runnable" testcasecount="2" result="Failed" site="Child" start-time="2017-05-25 12:57:43Z" end-time="2017-05-25 13:00:10Z" duration="147.328460" total="2" passed="0" failed="2" inconclusive="0" skipped="0" asserts="0">
              <failure>
                <message><![CDATA[One or more child tests had errors]]></message>
              </failure>
              <test-suite type="TestFixture" id="1-1139" name="ProgressValidation(MyCompanyUiSettings.ParameterInfo)" fullname="MyCompanyUiSettings.Tl.My_Tasks._Owner_Election.Progress.ProgressValidation(MyCompanyUiSettings.ParameterInfo)" classname="MyCompanyUiSettings.Tl.My_Tasks._Owner_Election.Progress.ProgressValidation" runstate="Runnable" testcasecount="2" result="Failed" site="Child" start-time="2017-05-25 12:59:36Z" end-time="2017-05-25 13:00:10Z" duration="33.874491" total="2" passed="0" failed="2" inconclusive="0" skipped="0" asserts="0">
                <failure>
                  <message><![CDATA[One or more child tests had errors]]></message>
                </failure>
                <output><![CDATA[log4net:ERROR XmlHierarchyConfigurator: Cannot find Property [configuration] to set object on [log4net.Repository.Hierarchy.Hierarchy]
]]></output>
                <test-suite type="ParameterizedMethod" id="1-1141" name="UI_MyTask_MR_Progress_Approve" fullname="MyCompanyUiSettings.Tl.My_Tasks._Owner_Election.Progress.ProgressValidation.UI_MyTask_MR_Progress_Approve" runstate="Runnable" testcasecount="1" result="Failed" site="Child" start-time="2017-05-25 12:59:40Z" end-time="2017-05-25 13:00:10Z" duration="30.750417" total="1" passed="0" failed="1" inconclusive="0" skipped="0" asserts="0">
                  <failure>
                    <message><![CDATA[One or more child tests had errors]]></message>
                  </failure>
                  <test-case id="1-1140" name="UI_MyTask_MR_Progress_Approve(True,&quot;chrome&quot;,&quot;/#/tasks/access-certification/overview&quot;)" fullname="MyCompanyUiSettings.Tl.My_Tasks._Owner_Election.Progress.ProgressValidation(MyCompanyUiSettings.ParameterInfo).UI_MyTask_MR_Progress_Approve(True,&quot;chrome&quot;,&quot;/#/tasks/access-certification/overview&quot;)" methodname="UI_MyTask_MR_Progress_Approve" classname="MyCompanyUiSettings.Tl.My_Tasks._Owner_Election.Progress.ProgressValidation" runstate="Runnable" seed="740111050" result="Failed" label="Error" start-time="2017-05-25 12:59:40Z" end-time="2017-05-25 13:00:10Z" duration="30.750263" asserts="0">
                    <failure>
                      <message><![CDATA[OpenQA.Selenium.WebDriverTimeoutException : Timed out after 30 seconds
  ----> OpenQA.Selenium.NoSuchElementException : no such element: Unable to locate element: {"method":"xpath","selector":"//span[@translate='_Loading_']"}
  (Session info: chrome=58.0.3029.110)
  (Driver info: chromedriver=2.29.461591 (62ebf098771772160f391d75e589dc567915b233),platform=Windows NT 6.3.9600 x86_64) (WARNING: The server did not provide any stacktrace information)
Command duration or timeout: 0 milliseconds
For documentation on this error, please visit: http://seleniumhq.org/exceptions/no_such_element.html
Build info: version: '3.1.0', revision: '86a5d70', time: '2017-02-16 07:57:44 -0800'
System info: host: 'BRC-JENKINS2-AU', ip: '172.16.61.17', os.name: 'Windows Server 2012 R2', os.arch: 'x86', os.version: '6.3', java.version: '1.8.0_66'
Driver info: org.openqa.selenium.chrome.ChromeDriver
Capabilities [{applicationCacheEnabled=false, rotatable=false, mobileEmulationEnabled=false, networkConnectionEnabled=false, chrome={chromedriverVersion=2.29.461591 (62ebf098771772160f391d75e589dc567915b233), userDataDir=C:\Users\BUILD-~1\AppData\Local\Temp\scoped_dir12612_29006}, takesHeapSnapshot=true, pageLoadStrategy=normal, databaseEnabled=false, handlesAlerts=true, hasTouchScreen=false, version=58.0.3029.110, platform=WIN8_1, browserConnectionEnabled=false, nativeEvents=true, acceptSslCerts=true, locationContextEnabled=true, webStorageEnabled=true, browserName=chrome, takesScreenshot=true, javascriptEnabled=true, cssSelectorsEnabled=true, unexpectedAlertBehaviour=}]
Session ID: d099a8dab51ddac1ad57f17fd01208dc
*** Element info: {Using=xpath, value=//span[@translate='_Loading_']}]]></message>
                      <stack-trace><![CDATA[   at OpenQA.Selenium.Support.UI.DefaultWait`1.ThrowTimeoutException(String exceptionMessage, Exception lastException)
   at OpenQA.Selenium.Support.UI.DefaultWait`1.Until[TResult](Func`2 condition)
   at MyCompanyUiSettings.Bl.Base.waitToLoad() in C:\branches\1\main-branch\Automation\UI\MyCompanyUiSettings\Bl\Base.cs:line 537
   at MyCompanyUiSettings.Tl.My_Tasks._Owner_Election.Progress.ProgressValidation.UI_MyTask_MR_Progress_Approve(Boolean excute, String browserName, String url) in C:\branches\1\main-branch\Automation\UI\MyCompanyUiSettings\Tl\My Tasks\Owner Election\Progress\ProgressValidation.cs:line 26
--NoSuchElementException
   at OpenQA.Selenium.Remote.RemoteWebDriver.UnpackAndThrowOnError(Response errorResponse)
   at OpenQA.Selenium.Remote.RemoteWebDriver.Execute(String driverCommandToExecute, Dictionary`2 parameters)
   at OpenQA.Selenium.Remote.RemoteWebDriver.FindElement(String mechanism, String value)
   at OpenQA.Selenium.Support.UI.ExpectedConditions.<>c__DisplayClass13.<ElementIsVisible>b__12(IWebDriver driver)
   at OpenQA.Selenium.Support.UI.DefaultWait`1.Until[TResult](Func`2 condition)]]></stack-trace>
                    </failure>
                  </test-case>
                </test-suite>
                <test-suite type="ParameterizedMethod" id="1-1143" name="UI_MyTask_MR_Progress_Reject" fullname="MyCompanyUiSettings.Tl.My_Tasks._Owner_Election.Progress.ProgressValidation.UI_MyTask_MR_Progress_Reject" runstate="Runnable" testcasecount="1" result="Failed" site="Child" start-time="2017-05-25 13:00:10Z" end-time="2017-05-25 13:00:10Z" duration="0.006859" total="1" passed="0" failed="1" inconclusive="0" skipped="0" asserts="0">
                  <failure>
                    <message><![CDATA[One or more child tests had errors]]></message>
                  </failure>
                  <test-case id="1-1142" name="UI_MyTask_MR_Progress_Reject(True,&quot;chrome&quot;,&quot;/#/tasks/access-certification/overview&quot;)" fullname="MyCompanyUiSettings.Tl.My_Tasks._Owner_Election.Progress.ProgressValidation(MyCompanyUiSettings.ParameterInfo).UI_MyTask_MR_Progress_Reject(True,&quot;chrome&quot;,&quot;/#/tasks/access-certification/overview&quot;)" methodname="UI_MyTask_MR_Progress_Reject" classname="MyCompanyUiSettings.Tl.My_Tasks._Owner_Election.Progress.ProgressValidation" runstate="Runnable" seed="1421105907" result="Failed" label="Error" start-time="2017-05-25 13:00:10Z" end-time="2017-05-25 13:00:10Z" duration="0.006624" asserts="0">
                    <failure>
                      <message><![CDATA[System.InvalidOperationException : Session [(null externalkey)] not available and is not among the last 1000 terminated sessions.
Active sessions are[]]]></message>
                      <stack-trace><![CDATA[   at OpenQA.Selenium.Remote.RemoteWebDriver.UnpackAndThrowOnError(Response errorResponse)
   at OpenQA.Selenium.Remote.RemoteWebDriver.Execute(String driverCommandToExecute, Dictionary`2 parameters)
   at OpenQA.Selenium.Remote.RemoteWebDriver.FindElement(String mechanism, String value)
   at OpenQA.Selenium.Support.UI.ExpectedConditions.<>c__DisplayClass13.<ElementIsVisible>b__12(IWebDriver driver)
   at OpenQA.Selenium.Support.UI.DefaultWait`1.Until[TResult](Func`2 condition)
   at MyCompanyUiSettings.Bl.Base.waitToLoad() in C:\branches\1\main-branch\Automation\UI\MyCompanyUiSettings\Bl\Base.cs:line 537
   at MyCompanyUiSettings.Tl.My_Tasks._Owner_Election.Progress.ProgressValidation.UI_MyTask_MR_Progress_Reject(Boolean excute, String browserName, String url) in C:\branches\1\main-branch\Automation\UI\MyCompanyUiSettings\Tl\My Tasks\Owner Election\Progress\ProgressValidation.cs:line 74]]></stack-trace>
                    </failure>
                  </test-case>
                </test-suite>
              </test-suite>
            </test-suite>
          </test-suite>
          <test-suite type="TestSuite" id="1-1381" name="Access_Certification" fullname="MyCompanyUiSettings.Tl.My_Tasks.Access_Certification" runstate="Runnable" testcasecount="63" result="Failed" site="Child" start-time="2017-05-25 12:57:43Z" end-time="2017-05-25 13:03:10Z" duration="327.334575" total="63" passed="5" failed="58" inconclusive="0" skipped="0" asserts="3">
            <failure>
              <message><![CDATA[One or more child tests had errors]]></message>
            </failure>
            <test-suite type="TestSuite" id="1-1386" name="Access_Certification_Inner_Screen" fullname="MyCompanyUiSettings.Tl.My_Tasks.Access_Certification.Access_Certification_Inner_Screen" runstate="Runnable" testcasecount="53" result="Failed" site="Child" start-time="2017-05-25 12:57:43Z" end-time="2017-05-25 13:03:10Z" duration="327.332284" total="53" passed="5" failed="48" inconclusive="0" skipped="0" asserts="3">
              <failure>
                <message><![CDATA[One or more child tests had errors]]></message>
              </failure>
              <test-suite type="TestSuite" id="1-1402" name="Bulk_Acions" fullname="MyCompanyUiSettings.Tl.My_Tasks.Access_Certification.Access_Certification_Inner_Screen.Bulk_Acions" runstate="Runnable" testcasecount="22" result="Failed" site="Child" start-time="2017-05-25 12:57:43Z" end-time="2017-05-25 13:02:15Z" duration="272.297938" total="22" passed="4" failed="18" inconclusive="0" skipped="0" asserts="3">
                <failure>
                  <message><![CDATA[One or more child tests had errors]]></message>
                </failure>
                <test-suite type="TestSuite" id="1-1409" name="Approve_All" fullname="MyCompanyUiSettings.Tl.My_Tasks.Access_Certification.Access_Certification_Inner_Screen.Bulk_Acions.Approve_All" runstate="Runnable" testcasecount="4" result="Failed" site="Child" start-time="2017-05-25 12:57:43Z" end-time="2017-05-25 13:00:20Z" duration="157.194743" total="4" passed="1" failed="3" inconclusive="0" skipped="0" asserts="1">
                  <failure>
                    <message><![CDATA[One or more child tests had errors]]></message>
                  </failure>
                  <test-suite type="TestFixture" id="1-1334" name="ApproveAll(MyCompanyUiSettings.ParameterInfo)" fullname="MyCompanyUiSettings.Tl.My_Tasks.Access_Certification.Access_Certification_Inner_Screen.Bulk_Acions.Approve_All.ApproveAll(MyCompanyUiSettings.ParameterInfo)" classname="MyCompanyUiSettings.Tl.My_Tasks.Access_Certification.Access_Certification_Inner_Screen.Bulk_Acions.Approve_All.ApproveAll" runstate="Runnable" testcasecount="4" result="Failed" site="Child" start-time="2017-05-25 13:00:10Z" end-time="2017-05-25 13:00:20Z" duration="9.866305" total="4" passed="1" failed="3" inconclusive="0" skipped="0" asserts="1">
                    <failure>
                      <message><![CDATA[One or more child tests had errors]]></message>
                    </failure>
                    <output><![CDATA[log4net:ERROR XmlHierarchyConfigurator: Cannot find Property [configuration] to set object on [log4net.Repository.Hierarchy.Hierarchy]
]]></output>
                    <test-suite type="ParameterizedMethod" id="1-1336" name="UI_MyTask_AC_ACIS_BulkActions_ApproveAll_AddCommentNo_TC2688" fullname="MyCompanyUiSettings.Tl.My_Tasks.Access_Certification.Access_Certification_Inner_Screen.Bulk_Acions.Approve_All.ApproveAll.UI_MyTask_AC_ACIS_BulkActions_ApproveAll_AddCommentNo_TC2688" runstate="Runnable" testcasecount="1" result="Passed" start-time="2017-05-25 13:00:13Z" end-time="2017-05-25 13:00:20Z" duration="6.756261" total="1" passed="1" failed="0" inconclusive="0" skipped="0" asserts="1">
                      <test-case id="1-1335" name="UI_MyTask_AC_ACIS_BulkActions_ApproveAll_AddCommentNo_TC2688(&quot;/#/tasks/access-certification/overview&quot;)" fullname="MyCompanyUiSettings.Tl.My_Tasks.Access_Certification.Access_Certification_Inner_Screen.Bulk_Acions.Approve_All.ApproveAll(MyCompanyUiSettings.ParameterInfo).UI_MyTask_AC_ACIS_BulkActions_ApproveAll_AddCommentNo_TC2688(&quot;/#/tasks/access-certification/overview&quot;)" methodname="UI_MyTask_AC_ACIS_BulkActions_ApproveAll_AddCommentNo_TC2688" classname="MyCompanyUiSettings.Tl.My_Tasks.Access_Certification.Access_Certification_Inner_Screen.Bulk_Acions.Approve_All.ApproveAll" runstate="Runnable" seed="1147421544" result="Passed" start-time="2017-05-25 13:00:13Z" end-time="2017-05-25 13:00:20Z" duration="6.756108" asserts="1" />
                    </test-suite>
                    <test-suite type="ParameterizedMethod" id="1-1338" name="UI_MyTask_AC_ACIS_BulkActions_ApproveAll_AddCommentYes_TC2689" fullname="MyCompanyUiSettings.Tl.My_Tasks.Access_Certification.Access_Certification_Inner_Screen.Bulk_Acions.Approve_All.ApproveAll.UI_MyTask_AC_ACIS_BulkActions_ApproveAll_AddCommentYes_TC2689" runstate="Runnable" testcasecount="1" result="Failed" site="Child" start-time="2017-05-25 13:00:20Z" end-time="2017-05-25 13:00:20Z" duration="0.006229" total="1" passed="0" failed="1" inconclusive="0" skipped="0" asserts="0">
                      <failure>
                        <message><![CDATA[One or more child tests had errors]]></message>
                      </failure>
                      <test-case id="1-1337" name="UI_MyTask_AC_ACIS_BulkActions_ApproveAll_AddCommentYes_TC2689(&quot;/#/tasks/access-certification/overview&quot;)" fullname="MyCompanyUiSettings.Tl.My_Tasks.Access_Certification.Access_Certification_Inner_Screen.Bulk_Acions.Approve_All.ApproveAll(MyCompanyUiSettings.ParameterInfo).UI_MyTask_AC_ACIS_BulkActions_ApproveAll_AddCommentYes_TC2689(&quot;/#/tasks/access-certification/overview&quot;)" methodname="UI_MyTask_AC_ACIS_BulkActions_ApproveAll_AddCommentYes_TC2689" classname="MyCompanyUiSettings.Tl.My_Tasks.Access_Certification.Access_Certification_Inner_Screen.Bulk_Acions.Approve_All.ApproveAll" runstate="Runnable" seed="1476699450" result="Failed" label="Error" start-time="2017-05-25 13:00:20Z" end-time="2017-05-25 13:00:20Z" duration="0.006100" asserts="0">
                        <failure>
                          <message><![CDATA[System.InvalidOperationException : Session [(null externalkey)] not available and is not among the last 1000 terminated sessions.
Active sessions are[]]]></message>
                          <stack-trace><![CDATA[   at OpenQA.Selenium.Remote.RemoteWebDriver.UnpackAndThrowOnError(Response errorResponse)
   at OpenQA.Selenium.Remote.RemoteWebDriver.Execute(String driverCommandToExecute, Dictionary`2 parameters)
   at OpenQA.Selenium.Remote.RemoteWebDriver.FindElement(String mechanism, String value)
   at OpenQA.Selenium.Support.UI.ExpectedConditions.<>c__DisplayClass13.<ElementIsVisible>b__12(IWebDriver driver)
   at OpenQA.Selenium.Support.UI.DefaultWait`1.Until[TResult](Func`2 condition)
   at MyCompanyUiSettings.Bl.Base.waitToLoad() in C:\branches\1\main-branch\Automation\UI\MyCompanyUiSettings\Bl\Base.cs:line 537
   at MyCompanyUiSettings.Tl.My_Tasks.Access_Certification.Access_Certification_Inner_Screen.Bulk_Acions.Approve_All.ApproveAll.UI_MyTask_AC_ACIS_BulkActions_ApproveAll_AddCommentYes_TC2689(String url) in C:\branches\1\main-branch\Automation\UI\MyCompanyUiSettings\Tl\My Tasks\Access Certification\Access Certification Inner Screen\Bulk Acions\Approve All\ApproveAll.cs:line 29]]></stack-trace>
                        </failure>
                      </test-case>
                    </test-suite>
                    <test-suite type="ParameterizedMethod" id="1-1342" name="UI_MyTask_AC_ACIS_BulkActions_ApproveAll_CommittedRecoredNotAffected_TC2691" fullname="MyCompanyUiSettings.Tl.My_Tasks.Access_Certification.Access_Certification_Inner_Screen.Bulk_Acions.Approve_All.ApproveAll.UI_MyTask_AC_ACIS_BulkActions_ApproveAll_CommittedRecoredNotAffected_TC2691" runstate="Runnable" testcasecount="1" result="Failed" site="Child" start-time="2017-05-25 13:00:20Z" end-time="2017-05-25 13:00:20Z" duration="0.005813" total="1" passed="0" failed="1" inconclusive="0" skipped="0" asserts="0">
                      <failure>
                        <message><![CDATA[One or more child tests had errors]]></message>
                      </failure>
                      <test-case id="1-1341" name="UI_MyTask_AC_ACIS_BulkActions_ApproveAll_CommittedRecoredNotAffected_TC2691(&quot;/#/tasks/access-certification/overview&quot;)" fullname="MyCompanyUiSettings.Tl.My_Tasks.Access_Certification.Access_Certification_Inner_Screen.Bulk_Acions.Approve_All.ApproveAll(MyCompanyUiSettings.ParameterInfo).UI_MyTask_AC_ACIS_BulkActions_ApproveAll_CommittedRecoredNotAffected_TC2691(&quot;/#/tasks/access-certification/overview&quot;)" methodname="UI_MyTask_AC_ACIS_BulkActions_ApproveAll_CommittedRecoredNotAffected_TC2691" classname="MyCompanyUiSettings.Tl.My_Tasks.Access_Certification.Access_Certification_Inner_Screen.Bulk_Acions.Approve_All.ApproveAll" runstate="Runnable" seed="959455822" result="Failed" label="Error" start-time="2017-05-25 13:00:20Z" end-time="2017-05-25 13:00:20Z" duration="0.005707" asserts="0">
                        <failure>
                          <message><![CDATA[System.InvalidOperationException : Session [(null externalkey)] not available and is not among the last 1000 terminated sessions.
Active sessions are[]]]></message>
                          <stack-trace><![CDATA[   at OpenQA.Selenium.Remote.RemoteWebDriver.UnpackAndThrowOnError(Response errorResponse)
   at OpenQA.Selenium.Remote.RemoteWebDriver.Execute(String driverCommandToExecute, Dictionary`2 parameters)
   at OpenQA.Selenium.Remote.RemoteWebDriver.FindElement(String mechanism, String value)
   at OpenQA.Selenium.Support.UI.ExpectedConditions.<>c__DisplayClass13.<ElementIsVisible>b__12(IWebDriver driver)
   at OpenQA.Selenium.Support.UI.DefaultWait`1.Until[TResult](Func`2 condition)
   at MyCompanyUiSettings.Bl.Base.waitToLoad() in C:\branches\1\main-branch\Automation\UI\MyCompanyUiSettings\Bl\Base.cs:line 537
   at MyCompanyUiSettings.Tl.My_Tasks.Access_Certification.Access_Certification_Inner_Screen.Bulk_Acions.Approve_All.ApproveAll.UI_MyTask_AC_ACIS_BulkActions_ApproveAll_CommittedRecoredNotAffected_TC2691(String url) in C:\branches\1\main-branch\Automation\UI\MyCompanyUiSettings\Tl\My Tasks\Access Certification\Access Certification Inner Screen\Bulk Acions\Approve All\ApproveAll.cs:line 75]]></stack-trace>
                        </failure>
                      </test-case>
                    </test-suite>
                    <test-suite type="ParameterizedMethod" id="1-1340" name="UI_MyTask_AC_ACIS_BulkActions_ApproveAll_WithExistingSaved_TC2690" fullname="MyCompanyUiSettings.Tl.My_Tasks.Access_Certification.Access_Certification_Inner_Screen.Bulk_Acions.Approve_All.ApproveAll.UI_MyTask_AC_ACIS_BulkActions_ApproveAll_WithExistingSaved_TC2690" runstate="Runnable" testcasecount="1" result="Failed" site="Child" start-time="2017-05-25 13:00:20Z" end-time="2017-05-25 13:00:20Z" duration="0.006612" total="1" passed="0" failed="1" inconclusive="0" skipped="0" asserts="0">
                      <failure>
                        <message><![CDATA[One or more child tests had errors]]></message>
                      </failure>
                      <test-case id="1-1339" name="UI_MyTask_AC_ACIS_BulkActions_ApproveAll_WithExistingSaved_TC2690(&quot;/#/tasks/access-certification/overview&quot;)" fullname="MyCompanyUiSettings.Tl.My_Tasks.Access_Certification.Access_Certification_Inner_Screen.Bulk_Acions.Approve_All.ApproveAll(MyCompanyUiSettings.ParameterInfo).UI_MyTask_AC_ACIS_BulkActions_ApproveAll_WithExistingSaved_TC2690(&quot;/#/tasks/access-certification/overview&quot;)" methodname="UI_MyTask_AC_ACIS_BulkActions_ApproveAll_WithExistingSaved_TC2690" classname="MyCompanyUiSettings.Tl.My_Tasks.Access_Certification.Access_Certification_Inner_Screen.Bulk_Acions.Approve_All.ApproveAll" runstate="Runnable" seed="1317273864" result="Failed" label="Error" start-time="2017-05-25 13:00:20Z" end-time="2017-05-25 13:00:20Z" duration="0.006506" asserts="0">
                        <failure>
                          <message><![CDATA[System.InvalidOperationException : Session [(null externalkey)] not available and is not among the last 1000 terminated sessions.
Active sessions are[]]]></message>
                          <stack-trace><![CDATA[   at OpenQA.Selenium.Remote.RemoteWebDriver.UnpackAndThrowOnError(Response errorResponse)
   at OpenQA.Selenium.Remote.RemoteWebDriver.Execute(String driverCommandToExecute, Dictionary`2 parameters)
   at OpenQA.Selenium.Remote.RemoteWebDriver.FindElement(String mechanism, String value)
   at OpenQA.Selenium.Support.UI.ExpectedConditions.<>c__DisplayClass13.<ElementIsVisible>b__12(IWebDriver driver)
   at OpenQA.Selenium.Support.UI.DefaultWait`1.Until[TResult](Func`2 condition)
   at MyCompanyUiSettings.Bl.Base.waitToLoad() in C:\branches\1\main-branch\Automation\UI\MyCompanyUiSettings\Bl\Base.cs:line 537
   at MyCompanyUiSettings.Tl.My_Tasks.Access_Certification.Access_Certification_Inner_Screen.Bulk_Acions.Approve_All.ApproveAll.UI_MyTask_AC_ACIS_BulkActions_ApproveAll_WithExistingSaved_TC2690(String url) in C:\branches\1\main-branch\Automation\UI\MyCompanyUiSettings\Tl\My Tasks\Access Certification\Access Certification Inner Screen\Bulk Acions\Approve All\ApproveAll.cs:line 47]]></stack-trace>
                        </failure>
                      </test-case>
                    </test-suite>
                  </test-suite>
                </test-suite>
                <test-suite type="TestSuite" id="1-1408" name="Browsers" fullname="MyCompanyUiSettings.Tl.My_Tasks.Access_Certification.Access_Certification_Inner_Screen.Bulk_Acions.Browsers" runstate="Runnable" testcasecount="1" result="Failed" site="Child" start-time="2017-05-25 12:57:43Z" end-time="2017-05-25 13:00:34Z" duration="171.338757" total="1" passed="0" failed="1" inconclusive="0" skipped="0" asserts="1">
                  <failure>
                    <message><![CDATA[One or more child tests had errors]]></message>
                  </failure>
                  <test-suite type="TestFixture" id="1-1331" name="Browsers(MyCompanyUiSettings.ParameterInfo)" fullname="MyCompanyUiSettings.Tl.My_Tasks.Access_Certification.Access_Certification_Inner_Screen.Bulk_Acions.Browsers.Browsers(MyCompanyUiSettings.ParameterInfo)" classname="MyCompanyUiSettings.Tl.My_Tasks.Access_Certification.Access_Certification_Inner_Screen.Bulk_Acions.Browsers.Browsers" runstate="Runnable" testcasecount="1" result="Failed" site="Child" start-time="2017-05-25 13:00:20Z" end-time="2017-05-25 13:00:34Z" duration="14.144015" total="1" passed="0" failed="1" inconclusive="0" skipped="0" asserts="1">
                    <failure>
                      <message><![CDATA[One or more child tests had errors]]></message>
                    </failure>
                    <output><![CDATA[log4net:ERROR XmlHierarchyConfigurator: Cannot find Property [configuration] to set object on [log4net.Repository.Hierarchy.Hierarchy]
]]></output>
                    <test-suite type="ParameterizedMethod" id="1-1333" name="UI_MyTask_AC_ACIS_BulkActions_Browsers_Chrome_TC2692" fullname="MyCompanyUiSettings.Tl.My_Tasks.Access_Certification.Access_Certification_Inner_Screen.Bulk_Acions.Browsers.Browsers.UI_MyTask_AC_ACIS_BulkActions_Browsers_Chrome_TC2692" runstate="Runnable" testcasecount="1" result="Failed" site="Child" start-time="2017-05-25 13:00:23Z" end-time="2017-05-25 13:00:34Z" duration="11.068649" total="1" passed="0" failed="1" inconclusive="0" skipped="0" asserts="1">
                      <failure>
                        <message><![CDATA[One or more child tests had errors]]></message>
                      </failure>
                      <test-case id="1-1332" name="UI_MyTask_AC_ACIS_BulkActions_Browsers_Chrome_TC2692(&quot;/#/tasks/access-certification/overview&quot;)" fullname="MyCompanyUiSettings.Tl.My_Tasks.Access_Certification.Access_Certification_Inner_Screen.Bulk_Acions.Browsers.Browsers(MyCompanyUiSettings.ParameterInfo).UI_MyTask_AC_ACIS_BulkActions_Browsers_Chrome_TC2692(&quot;/#/tasks/access-certification/overview&quot;)" methodname="UI_MyTask_AC_ACIS_BulkActions_Browsers_Chrome_TC2692" classname="MyCompanyUiSettings.Tl.My_Tasks.Access_Certification.Access_Certification_Inner_Screen.Bulk_Acions.Browsers.Browsers" runstate="Runnable" seed="1117905629" result="Failed" start-time="2017-05-25 13:00:23Z" end-time="2017-05-25 13:00:34Z" duration="11.068501" asserts="1">
                        <failure>
                          <message><![CDATA[  Expected: True
  But was:  False
]]></message>
                          <stack-trace><![CDATA[at MyCompanyUiSettings.Tl.My_Tasks.Access_Certification.Access_Certification_Inner_Screen.Bulk_Acions.Browsers.Browsers.UI_MyTask_AC_ACIS_BulkActions_Browsers_Chrome_TC2692(String url) in C:\branches\1\main-branch\Automation\UI\MyCompanyUiSettings\Tl\My Tasks\Access Certification\Access Certification Inner Screen\Bulk Acions\Browsers\Browsers.cs:line 41
]]></stack-trace>
                        </failure>
                      </test-case>
                    </test-suite>
                  </test-suite>
                </test-suite>
                <test-suite type="TestSuite" id="1-1407" name="Clear_All" fullname="MyCompanyUiSettings.Tl.My_Tasks.Access_Certification.Access_Certification_Inner_Screen.Bulk_Acions.Clear_All" runstate="Runnable" testcasecount="4" result="Failed" site="Child" start-time="2017-05-25 12:57:43Z" end-time="2017-05-25 13:00:44Z" duration="181.254062" total="4" passed="0" failed="4" inconclusive="0" skipped="0" asserts="0">
                  <failure>
                    <message><![CDATA[One or more child tests had errors]]></message>
                  </failure>
                  <test-suite type="TestFixture" id="1-1322" name="ClearAll(MyCompanyUiSettings.ParameterInfo)" fullname="MyCompanyUiSettings.Tl.My_Tasks.Access_Certification.Access_Certification_Inner_Screen.Bulk_Acions.Clear_All.ClearAll(MyCompanyUiSettings.ParameterInfo)" classname="MyCompanyUiSettings.Tl.My_Tasks.Access_Certification.Access_Certification_Inner_Screen.Bulk_Acions.Clear_All.ClearAll" runstate="Runnable" testcasecount="4" result="Failed" site="Child" start-time="2017-05-25 13:00:34Z" end-time="2017-05-25 13:00:44Z" duration="9.915304" total="4" passed="0" failed="4" inconclusive="0" skipped="0" asserts="0">
                    <failure>
                      <message><![CDATA[One or more child tests had errors]]></message>
                    </failure>
                    <output><![CDATA[log4net:ERROR XmlHierarchyConfigurator: Cannot find Property [configuration] to set object on [log4net.Repository.Hierarchy.Hierarchy]
]]></output>
                    <test-suite type="ParameterizedMethod" id="1-1328" name="UI_MyTask_AC_ACIS_BulkActions_ClearAll_ApproveAllNo_TC2707" fullname="MyCompanyUiSettings.Tl.My_Tasks.Access_Certification.Access_Certification_Inner_Screen.Bulk_Acions.Clear_All.ClearAll.UI_MyTask_AC_ACIS_BulkActions_ClearAll_ApproveAllNo_TC2707" runstate="Runnable" testcasecount="1" result="Failed" site="Child" start-time="2017-05-25 13:00:37Z" end-time="2017-05-25 13:00:44Z" duration="6.804401" total="1" passed="0" failed="1" inconclusive="0" skipped="0" asserts="0">
                      <failure>
                        <message><![CDATA[One or more child tests had errors]]></message>
                      </failure>
                      <test-case id="1-1327" name="UI_MyTask_AC_ACIS_BulkActions_ClearAll_ApproveAllNo_TC2707(&quot;/#/tasks/access-certification/overview&quot;)" fullname="MyCompanyUiSettings.Tl.My_Tasks.Access_Certification.Access_Certification_Inner_Screen.Bulk_Acions.Clear_All.ClearAll(MyCompanyUiSettings.ParameterInfo).UI_MyTask_AC_ACIS_BulkActions_ClearAll_ApproveAllNo_TC2707(&quot;/#/tasks/access-certification/overview&quot;)" methodname="UI_MyTask_AC_ACIS_BulkActions_ClearAll_ApproveAllNo_TC2707" classname="MyCompanyUiSettings.Tl.My_Tasks.Access_Certification.Access_Certification_Inner_Screen.Bulk_Acions.Clear_All.ClearAll" runstate="Runnable" seed="627249737" result="Failed" label="Error" start-time="2017-05-25 13:00:37Z" end-time="2017-05-25 13:00:44Z" duration="6.804192" asserts="0">
                        <failure>
                          <message><![CDATA[System.Exception : Base Class - Click(string xpath) method threw an exception : 
unknown error: Element <button type="button" class="btn btn-white btn-sm dropdown-toggle" uib-dropdown-toggle="" id="simple-btn-keyboard-nav" aria-haspopup="true" aria-expanded="false">...</button> is not clickable at point (80, 241). Other element would receive the click: <div uib-modal-window="modal-window" class="modal sp-modal-messages fade ng-scope ng-isolate-scope" role="dialog" index="0" animate="animate" ng-style="{'z-index': 1050 + $$topModalIndex*10, display: 'block'}" tabindex="-1" uib-modal-animation-class="fade" modal-in-class="in" modal-animation="true" style="z-index: 1050; display: block;">...</div>
  (Session info: chrome=58.0.3029.110)
  (Driver info: chromedriver=2.29.461591 (62ebf098771772160f391d75e589dc567915b233),platform=Windows NT 6.3.9600 x86_64) (WARNING: The server did not provide any stacktrace information)
Command duration or timeout: 50 milliseconds
Build info: version: '3.1.0', revision: '86a5d70', time: '2017-02-16 07:57:44 -0800'
System info: host: 'BRC-JENKINS2-AU', ip: '172.16.61.17', os.name: 'Windows Server 2012 R2', os.arch: 'x86', os.version: '6.3', java.version: '1.8.0_66'
Driver info: org.openqa.selenium.chrome.ChromeDriver
Capabilities [{applicationCacheEnabled=false, rotatable=false, mobileEmulationEnabled=false, networkConnectionEnabled=false, chrome={chromedriverVersion=2.29.461591 (62ebf098771772160f391d75e589dc567915b233), userDataDir=C:\Users\BUILD-~1\AppData\Local\Temp\scoped_dir2476_1158}, takesHeapSnapshot=true, pageLoadStrategy=normal, databaseEnabled=false, handlesAlerts=true, hasTouchScreen=false, version=58.0.3029.110, platform=WIN8_1, browserConnectionEnabled=false, nativeEvents=true, acceptSslCerts=true, locationContextEnabled=true, webStorageEnabled=true, browserName=chrome, takesScreenshot=true, javascriptEnabled=true, cssSelectorsEnabled=true, unexpectedAlertBehaviour=}]
Session ID: 5cb1002259d4ed7ed523ba2e9e0cea02
   at OpenQA.Selenium.Remote.RemoteWebDriver.UnpackAndThrowOnError(Response errorResponse)
   at OpenQA.Selenium.Remote.RemoteWebDriver.Execute(String driverCommandToExecute, Dictionary`2 parameters)
   at OpenQA.Selenium.Remote.RemoteWebElement.Click()
   at MyCompanyUiSettings.Bl.Base.Click(String xpath) in C:\branches\1\main-branch\Automation\UI\MyCompanyUiSettings\Bl\Base.cs:line 323]]></message>
                          <stack-trace><![CDATA[   at MyCompanyUiSettings.Bl.Base.Click(String xpath) in C:\branches\1\main-branch\Automation\UI\MyCompanyUiSettings\Bl\Base.cs:line 330
   at MyCompanyUiSettings.Tl.My_Tasks.Access_Certification.Access_Certification_Inner_Screen.Bulk_Acions.Clear_All.ClearAll.UI_MyTask_AC_ACIS_BulkActions_ClearAll_ApproveAllNo_TC2707(String url) in C:\branches\1\main-branch\Automation\UI\MyCompanyUiSettings\Tl\My Tasks\Access Certification\Access Certification Inner Screen\Bulk Acions\Clear All\ClearAll.cs:line 90]]></stack-trace>
                        </failure>
                      </test-case>
                    </test-suite>
                    <test-suite type="ParameterizedMethod" id="1-1330" name="UI_MyTask_AC_ACIS_BulkActions_ClearAll_CommittedRecoredNotAffected_TC2708" fullname="MyCompanyUiSettings.Tl.My_Tasks.Access_Certification.Access_Certification_Inner_Screen.Bulk_Acions.Clear_All.ClearAll.UI_MyTask_AC_ACIS_BulkActions_ClearAll_CommittedRecoredNotAffected_TC2708" runstate="Runnable" testcasecount="1" result="Failed" site="Child" start-time="2017-05-25 13:00:44Z" end-time="2017-05-25 13:00:44Z" duration="0.009570" total="1" passed="0" failed="1" inconclusive="0" skipped="0" asserts="0">
                      <failure>
                        <message><![CDATA[One or more child tests had errors]]></message>
                      </failure>
                      <test-case id="1-1329" name="UI_MyTask_AC_ACIS_BulkActions_ClearAll_CommittedRecoredNotAffected_TC2708(&quot;/#/tasks/access-certification/overview&quot;)" fullname="MyCompanyUiSettings.Tl.My_Tasks.Access_Certification.Access_Certification_Inner_Screen.Bulk_Acions.Clear_All.ClearAll(MyCompanyUiSettings.ParameterInfo).UI_MyTask_AC_ACIS_BulkActions_ClearAll_CommittedRecoredNotAffected_TC2708(&quot;/#/tasks/access-certification/overview&quot;)" methodname="UI_MyTask_AC_ACIS_BulkActions_ClearAll_CommittedRecoredNotAffected_TC2708" classname="MyCompanyUiSettings.Tl.My_Tasks.Access_Certification.Access_Certification_Inner_Screen.Bulk_Acions.Clear_All.ClearAll" runstate="Runnable" seed="1798877458" result="Failed" label="Error" start-time="2017-05-25 13:00:44Z" end-time="2017-05-25 13:00:44Z" duration="0.009398" asserts="0">
                        <failure>
                          <message><![CDATA[System.InvalidOperationException : Session [(null externalkey)] not available and is not among the last 1000 terminated sessions.
Active sessions are[]]]></message>
                          <stack-trace><![CDATA[   at OpenQA.Selenium.Remote.RemoteWebDriver.UnpackAndThrowOnError(Response errorResponse)
   at OpenQA.Selenium.Remote.RemoteWebDriver.Execute(String driverCommandToExecute, Dictionary`2 parameters)
   at OpenQA.Selenium.Remote.RemoteWebDriver.FindElement(String mechanism, String value)
   at OpenQA.Selenium.Support.UI.ExpectedConditions.<>c__DisplayClass13.<ElementIsVisible>b__12(IWebDriver driver)
   at OpenQA.Selenium.Support.UI.DefaultWait`1.Until[TResult](Func`2 condition)
   at MyCompanyUiSettings.Bl.Base.waitToLoad() in C:\branches\1\main-branch\Automation\UI\MyCompanyUiSettings\Bl\Base.cs:line 537
   at MyCompanyUiSettings.Tl.My_Tasks.Access_Certification.Access_Certification_Inner_Screen.Bulk_Acions.Clear_All.ClearAll.UI_MyTask_AC_ACIS_BulkActions_ClearAll_CommittedRecoredNotAffected_TC2708(String url) in C:\branches\1\main-branch\Automation\UI\MyCompanyUiSettings\Tl\My Tasks\Access Certification\Access Certification Inner Screen\Bulk Acions\Clear All\ClearAll.cs:line 102]]></stack-trace>
                        </failure>
                      </test-case>
                    </test-suite>
                    <test-suite type="ParameterizedMethod" id="1-1324" name="UI_MyTask_AC_ACIS_BulkActions_RejectAll_AddCommentNo_TC2705" fullname="MyCompanyUiSettings.Tl.My_Tasks.Access_Certification.Access_Certification_Inner_Screen.Bulk_Acions.Clear_All.ClearAll.UI_MyTask_AC_ACIS_BulkActions_RejectAll_AddCommentNo_TC2705" runstate="Runnable" testcasecount="1" result="Failed" site="Child" start-time="2017-05-25 13:00:44Z" end-time="2017-05-25 13:00:44Z" duration="0.008133" total="1" passed="0" failed="1" inconclusive="0" skipped="0" asserts="0">
                      <failure>
                        <message><![CDATA[One or more child tests had errors]]></message>
                      </failure>
                      <test-case id="1-1323" name="UI_MyTask_AC_ACIS_BulkActions_RejectAll_AddCommentNo_TC2705(&quot;/#/tasks/access-certification/overview&quot;)" fullname="MyCompanyUiSettings.Tl.My_Tasks.Access_Certification.Access_Certification_Inner_Screen.Bulk_Acions.Clear_All.ClearAll(MyCompanyUiSettings.ParameterInfo).UI_MyTask_AC_ACIS_BulkActions_RejectAll_AddCommentNo_TC2705(&quot;/#/tasks/access-certification/overview&quot;)" methodname="UI_MyTask_AC_ACIS_BulkActions_RejectAll_AddCommentNo_TC2705" classname="MyCompanyUiSettings.Tl.My_Tasks.Access_Certification.Access_Certification_Inner_Screen.Bulk_Acions.Clear_All.ClearAll" runstate="Runnable" seed="301623312" result="Failed" label="Error" start-time="2017-05-25 13:00:44Z" end-time="2017-05-25 13:00:44Z" duration="0.008016" asserts="0">
                        <failure>
                          <message><![CDATA[System.InvalidOperationException : Session [(null externalkey)] not available and is not among the last 1000 terminated sessions.
Active sessions are[]]]></message>
                          <stack-trace><![CDATA[   at OpenQA.Selenium.Remote.RemoteWebDriver.UnpackAndThrowOnError(Response errorResponse)
   at OpenQA.Selenium.Remote.RemoteWebDriver.Execute(String driverCommandToExecute, Dictionary`2 parameters)
   at OpenQA.Selenium.Remote.RemoteWebDriver.FindElement(String mechanism, String value)
   at OpenQA.Selenium.Support.UI.ExpectedConditions.<>c__DisplayClass13.<ElementIsVisible>b__12(IWebDriver driver)
   at OpenQA.Selenium.Support.UI.DefaultWait`1.Until[TResult](Func`2 condition)
   at MyCompanyUiSettings.Bl.Base.waitToLoad() in C:\branches\1\main-branch\Automation\UI\MyCompanyUiSettings\Bl\Base.cs:line 537
   at MyCompanyUiSettings.Tl.My_Tasks.Access_Certification.Access_Certification_Inner_Screen.Bulk_Acions.Clear_All.ClearAll.UI_MyTask_AC_ACIS_BulkActions_RejectAll_AddCommentNo_TC2705(String url) in C:\branches\1\main-branch\Automation\UI\MyCompanyUiSettings\Tl\My Tasks\Access Certification\Access Certification Inner Screen\Bulk Acions\Clear All\ClearAll.cs:line 13]]></stack-trace>
                        </failure>
                      </test-case>
                    </test-suite>
                    <test-suite type="ParameterizedMethod" id="1-1326" name="UI_MyTask_AC_ACIS_BulkActions_RejectAll_AddCommentYes_TC2706" fullname="MyCompanyUiSettings.Tl.My_Tasks.Access_Certification.Access_Certification_Inner_Screen.Bulk_Acions.Clear_All.ClearAll.UI_MyTask_AC_ACIS_BulkActions_RejectAll_AddCommentYes_TC2706" runstate="Runnable" testcasecount="1" result="Failed" site="Child" start-time="2017-05-25 13:00:44Z" end-time="2017-05-25 13:00:44Z" duration="0.006375" total="1" passed="0" failed="1" inconclusive="0" skipped="0" asserts="0">
                      <failure>
                        <message><![CDATA[One or more child tests had errors]]></message>
                      </failure>
                      <test-case id="1-1325" name="UI_MyTask_AC_ACIS_BulkActions_RejectAll_AddCommentYes_TC2706(&quot;/#/tasks/access-certification/overview&quot;)" fullname="MyCompanyUiSettings.Tl.My_Tasks.Access_Certification.Access_Certification_Inner_Screen.Bulk_Acions.Clear_All.ClearAll(MyCompanyUiSettings.ParameterInfo).UI_MyTask_AC_ACIS_BulkActions_RejectAll_AddCommentYes_TC2706(&quot;/#/tasks/access-certification/overview&quot;)" methodname="UI_MyTask_AC_ACIS_BulkActions_RejectAll_AddCommentYes_TC2706" classname="MyCompanyUiSettings.Tl.My_Tasks.Access_Certification.Access_Certification_Inner_Screen.Bulk_Acions.Clear_All.ClearAll" runstate="Runnable" seed="1752003388" result="Failed" label="Error" start-time="2017-05-25 13:00:44Z" end-time="2017-05-25 13:00:44Z" duration="0.006259" asserts="0">
                        <failure>
                          <message><![CDATA[System.InvalidOperationException : Session [(null externalkey)] not available and is not among the last 1000 terminated sessions.
Active sessions are[]]]></message>
                          <stack-trace><![CDATA[   at OpenQA.Selenium.Remote.RemoteWebDriver.UnpackAndThrowOnError(Response errorResponse)
   at OpenQA.Selenium.Remote.RemoteWebDriver.Execute(String driverCommandToExecute, Dictionary`2 parameters)
   at OpenQA.Selenium.Remote.RemoteWebDriver.FindElement(String mechanism, String value)
   at OpenQA.Selenium.Support.UI.ExpectedConditions.<>c__DisplayClass13.<ElementIsVisible>b__12(IWebDriver driver)
   at OpenQA.Selenium.Support.UI.DefaultWait`1.Until[TResult](Func`2 condition)
   at MyCompanyUiSettings.Bl.Base.waitToLoad() in C:\branches\1\main-branch\Automation\UI\MyCompanyUiSettings\Bl\Base.cs:line 537
   at MyCompanyUiSettings.Tl.My_Tasks.Access_Certification.Access_Certification_Inner_Screen.Bulk_Acions.Clear_All.ClearAll.UI_MyTask_AC_ACIS_BulkActions_RejectAll_AddCommentYes_TC2706(String url) in C:\branches\1\main-branch\Automation\UI\MyCompanyUiSettings\Tl\My Tasks\Access Certification\Access Certification Inner Screen\Bulk Acions\Clear All\ClearAll.cs:line 32]]></stack-trace>
                        </failure>
                      </test-case>
                    </test-suite>
                  </test-suite>
                </test-suite>
                <test-suite type="TestSuite" id="1-1406" name="Examine_Text_and_Layout" fullname="MyCompanyUiSettings.Tl.My_Tasks.Access_Certification.Access_Certification_Inner_Screen.Bulk_Acions.Examine_Text_and_Layout" runstate="Runnable" testcasecount="4" result="Failed" site="Child" start-time="2017-05-25 12:57:43Z" end-time="2017-05-25 13:00:54Z" duration="191.259091" total="4" passed="1" failed="3" inconclusive="0" skipped="0" asserts="1">
                  <failure>
                    <message><![CDATA[One or more child tests had errors]]></message>
                  </failure>
                  <test-suite type="TestFixture" id="1-1313" name="ExaminTextAndLayout(MyCompanyUiSettings.ParameterInfo)" fullname="MyCompanyUiSettings.Tl.My_Tasks.Access_Certification.Access_Certification_Inner_Screen.Bulk_Acions.Examine_Text_and_Layout.ExaminTextAndLayout(MyCompanyUiSettings.ParameterInfo)" classname="MyCompanyUiSettings.Tl.My_Tasks.Access_Certification.Access_Certification_Inner_Screen.Bulk_Acions.Examine_Text_and_Layout.ExaminTextAndLayout" runstate="Runnable" testcasecount="4" result="Failed" site="Child" start-time="2017-05-25 13:00:44Z" end-time="2017-05-25 13:00:54Z" duration="10.005036" total="4" passed="1" failed="3" inconclusive="0" skipped="0" asserts="1">
                    <failure>
                      <message><![CDATA[One or more child tests had errors]]></message>
                    </failure>
                    <output><![CDATA[log4net:ERROR XmlHierarchyConfigurator: Cannot find Property [configuration] to set object on [log4net.Repository.Hierarchy.Hierarchy]
]]></output>
                    <test-suite type="ParameterizedMethod" id="1-1317" name="UI_MyTask_AC_ACIS_BulkActions_ExamineTextAndLayout_ApproveAllSelection_TC2710" fullname="MyCompanyUiSettings.Tl.My_Tasks.Access_Certification.Access_Certification_Inner_Screen.Bulk_Acions.Examine_Text_and_Layout.ExaminTextAndLayout.UI_MyTask_AC_ACIS_BulkActions_ExamineTextAndLayout_ApproveAllSelection_TC2710" runstate="Runnable" testcasecount="1" result="Passed" start-time="2017-05-25 13:00:47Z" end-time="2017-05-25 13:00:54Z" duration="6.921931" total="1" passed="1" failed="0" inconclusive="0" skipped="0" asserts="1">
                      <test-case id="1-1316" name="UI_MyTask_AC_ACIS_BulkActions_ExamineTextAndLayout_ApproveAllSelection_TC2710(&quot;/#/tasks/access-certification/overview&quot;)" fullname="MyCompanyUiSettings.Tl.My_Tasks.Access_Certification.Access_Certification_Inner_Screen.Bulk_Acions.Examine_Text_and_Layout.ExaminTextAndLayout(MyCompanyUiSettings.ParameterInfo).UI_MyTask_AC_ACIS_BulkActions_ExamineTextAndLayout_ApproveAllSelection_TC2710(&quot;/#/tasks/access-certification/overview&quot;)" methodname="UI_MyTask_AC_ACIS_BulkActions_ExamineTextAndLayout_ApproveAllSelection_TC2710" classname="MyCompanyUiSettings.Tl.My_Tasks.Access_Certification.Access_Certification_Inner_Screen.Bulk_Acions.Examine_Text_and_Layout.ExaminTextAndLayout" runstate="Runnable" seed="420311326" result="Passed" start-time="2017-05-25 13:00:47Z" end-time="2017-05-25 13:00:54Z" duration="6.921707" asserts="1" />
                    </test-suite>
                    <test-suite type="ParameterizedMethod" id="1-1321" name="UI_MyTask_AC_ACIS_BulkActions_ExamineTextAndLayout_ClearAllSelection_TC2712" fullname="MyCompanyUiSettings.Tl.My_Tasks.Access_Certification.Access_Certification_Inner_Screen.Bulk_Acions.Examine_Text_and_Layout.ExaminTextAndLayout.UI_MyTask_AC_ACIS_BulkActions_ExamineTextAndLayout_ClearAllSelection_TC2712" runstate="Runnable" testcasecount="1" result="Failed" site="Child" start-time="2017-05-25 13:00:54Z" end-time="2017-05-25 13:00:54Z" duration="0.006526" total="1" passed="0" failed="1" inconclusive="0" skipped="0" asserts="0">
                      <failure>
                        <message><![CDATA[One or more child tests had errors]]></message>
                      </failure>
                      <test-case id="1-1320" name="UI_MyTask_AC_ACIS_BulkActions_ExamineTextAndLayout_ClearAllSelection_TC2712(&quot;/#/tasks/access-certification/overview&quot;)" fullname="MyCompanyUiSettings.Tl.My_Tasks.Access_Certification.Access_Certification_Inner_Screen.Bulk_Acions.Examine_Text_and_Layout.ExaminTextAndLayout(MyCompanyUiSettings.ParameterInfo).UI_MyTask_AC_ACIS_BulkActions_ExamineTextAndLayout_ClearAllSelection_TC2712(&quot;/#/tasks/access-certification/overview&quot;)" methodname="UI_MyTask_AC_ACIS_BulkActions_ExamineTextAndLayout_ClearAllSelection_TC2712" classname="MyCompanyUiSettings.Tl.My_Tasks.Access_Certification.Access_Certification_Inner_Screen.Bulk_Acions.Examine_Text_and_Layout.ExaminTextAndLayout" runstate="Runnable" seed="1453860473" result="Failed" label="Error" start-time="2017-05-25 13:00:54Z" end-time="2017-05-25 13:00:54Z" duration="0.006390" asserts="0">
                        <failure>
                          <message><![CDATA[System.InvalidOperationException : Session [(null externalkey)] not available and is not among the last 1000 terminated sessions.
Active sessions are[]]]></message>
                          <stack-trace><![CDATA[   at OpenQA.Selenium.Remote.RemoteWebDriver.UnpackAndThrowOnError(Response errorResponse)
   at OpenQA.Selenium.Remote.RemoteWebDriver.Execute(String driverCommandToExecute, Dictionary`2 parameters)
   at OpenQA.Selenium.Remote.RemoteWebDriver.FindElement(String mechanism, String value)
   at OpenQA.Selenium.Support.UI.ExpectedConditions.<>c__DisplayClass13.<ElementIsVisible>b__12(IWebDriver driver)
   at OpenQA.Selenium.Support.UI.DefaultWait`1.Until[TResult](Func`2 condition)
   at MyCompanyUiSettings.Bl.Base.waitToLoad() in C:\branches\1\main-branch\Automation\UI\MyCompanyUiSettings\Bl\Base.cs:line 537
   at MyCompanyUiSettings.Tl.My_Tasks.Access_Certification.Access_Certification_Inner_Screen.Bulk_Acions.Examine_Text_and_Layout.ExaminTextAndLayout.UI_MyTask_AC_ACIS_BulkActions_ExamineTextAndLayout_ClearAllSelection_TC2712(String url) in C:\branches\1\main-branch\Automation\UI\MyCompanyUiSettings\Tl\My Tasks\Access Certification\Access Certification Inner Screen\Bulk Acions\Examine Text and Layout\ExaminTextAndLayout.cs:line 67]]></stack-trace>
                        </failure>
                      </test-case>
                    </test-suite>
[...]
                    <message><![CDATA[One or more child tests had errors]]></message>
                  </failure>
                  <test-case id="1-1011" name="UISensitiveAccountExclusionGridSearch_TC10823(True,&quot;chrome&quot;,&quot;/#/settings/sensitive-account-exclusions&quot;,&quot;26&quot;,&quot;1&quot;)" fullname="MyCompanyUiSettings.Tl.Settings.Sensitive_Account_Exclusions.Grid.Grid(MyCompanyUiSettings.ParameterInfo).UISensitiveAccountExclusionGridSearch_TC10823(True,&quot;chrome&quot;,&quot;/#/settings/sensitive-account-exclusions&quot;,&quot;26&quot;,&quot;1&quot;)" methodname="UISensitiveAccountExclusionGridSearch_TC10823" classname="MyCompanyUiSettings.Tl.Settings.Sensitive_Account_Exclusions.Grid.Grid" runstate="Runnable" seed="1460656856" result="Failed" label="Error" start-time="2017-05-25 13:12:47Z" end-time="2017-05-25 13:12:47Z" duration="0.005681" asserts="0">
                    <failure>
                      <message><![CDATA[System.InvalidOperationException : Session [(null externalkey)] not available and is not among the last 1000 terminated sessions.
Active sessions are[]]]></message>
                      <stack-trace><![CDATA[   at OpenQA.Selenium.Remote.RemoteWebDriver.UnpackAndThrowOnError(Response errorResponse)
   at OpenQA.Selenium.Remote.RemoteWebDriver.Execute(String driverCommandToExecute, Dictionary`2 parameters)
   at OpenQA.Selenium.Remote.RemoteWebDriver.FindElement(String mechanism, String value)
   at OpenQA.Selenium.Support.UI.ExpectedConditions.<>c__DisplayClass13.<ElementIsVisible>b__12(IWebDriver driver)
   at OpenQA.Selenium.Support.UI.DefaultWait`1.Until[TResult](Func`2 condition)
   at MyCompanyUiSettings.Bl.Base.waitToLoad() in C:\branches\1\main-branch\Automation\UI\MyCompanyUiSettings\Bl\Base.cs:line 537
   at MyCompanyUiSettings.Tl.Settings.Sensitive_Account_Exclusions.Grid.Grid.UISensitiveAccountExclusionGridSearch_TC10823(Boolean excute, String browserName, String url, String numberOfElementsInFile, String numberOfElementsAfterSearch) in C:\branches\1\main-branch\Automation\UI\MyCompanyUiSettings\Tl\Settings\Sensitive Account Exclusions\Grid\Grid.cs:line 31]]></stack-trace>
                    </failure>
                  </test-case>
                </test-suite>
              </test-suite>
            </test-suite>
            <test-suite type="TestSuite" id="1-1349" name="Look_And_Feel" fullname="MyCompanyUiSettings.Tl.Settings.Sensitive_Account_Exclusions.Look_And_Feel" runstate="Runnable" testcasecount="1" result="Failed" site="Child" start-time="2017-05-25 12:57:43Z" end-time="2017-05-25 13:13:21Z" duration="937.653931" total="1" passed="0" failed="1" inconclusive="0" skipped="0" asserts="0">
              <failure>
                <message><![CDATA[One or more child tests had errors]]></message>
              </failure>
              <test-suite type="TestFixture" id="1-1007" name="LookAndFeel(MyCompanyUiSettings.ParameterInfo)" fullname="MyCompanyUiSettings.Tl.Settings.Sensitive_Account_Exclusions.Look_And_Feel.LookAndFeel(MyCompanyUiSettings.ParameterInfo)" classname="MyCompanyUiSettings.Tl.Settings.Sensitive_Account_Exclusions.Look_And_Feel.LookAndFeel" runstate="Runnable" testcasecount="1" result="Failed" site="Child" start-time="2017-05-25 13:12:47Z" end-time="2017-05-25 13:13:21Z" duration="33.728648" total="1" passed="0" failed="1" inconclusive="0" skipped="0" asserts="0">
                <failure>
                  <message><![CDATA[One or more child tests had errors]]></message>
                </failure>
                <output><![CDATA[log4net:ERROR XmlHierarchyConfigurator: Cannot find Property [configuration] to set object on [log4net.Repository.Hierarchy.Hierarchy]
]]></output>
                <test-suite type="ParameterizedMethod" id="1-1009" name="UISensitiveAccountExclusionOverviewLook_MD2172" fullname="MyCompanyUiSettings.Tl.Settings.Sensitive_Account_Exclusions.Look_And_Feel.LookAndFeel.UISensitiveAccountExclusionOverviewLook_MD2172" runstate="Runnable" testcasecount="1" result="Failed" site="Child" start-time="2017-05-25 13:12:50Z" end-time="2017-05-25 13:13:21Z" duration="30.631323" total="1" passed="0" failed="1" inconclusive="0" skipped="0" asserts="0">
                  <failure>
                    <message><![CDATA[One or more child tests had errors]]></message>
                  </failure>
                  <test-case id="1-1008" name="UISensitiveAccountExclusionOverviewLook_MD2172(True,&quot;1&quot;,&quot;chrome&quot;,&quot;/#/settings/sensitive-account-exclusions&quot;)" fullname="MyCompanyUiSettings.Tl.Settings.Sensitive_Account_Exclusions.Look_And_Feel.LookAndFeel(MyCompanyUiSettings.ParameterInfo).UISensitiveAccountExclusionOverviewLook_MD2172(True,&quot;1&quot;,&quot;chrome&quot;,&quot;/#/settings/sensitive-account-exclusions&quot;)" methodname="UISensitiveAccountExclusionOverviewLook_MD2172" classname="MyCompanyUiSettings.Tl.Settings.Sensitive_Account_Exclusions.Look_And_Feel.LookAndFeel" runstate="Runnable" seed="458445963" result="Failed" label="Error" start-time="2017-05-25 13:12:50Z" end-time="2017-05-25 13:13:21Z" duration="30.631177" asserts="0">
                    <failure>
                      <message><![CDATA[OpenQA.Selenium.WebDriverTimeoutException : Timed out after 30 seconds
  ----> OpenQA.Selenium.NoSuchElementException : no such element: Unable to locate element: {"method":"xpath","selector":"//span[@translate='_Loading_']"}
  (Session info: chrome=58.0.3029.110)
  (Driver info: chromedriver=2.29.461591 (62ebf098771772160f391d75e589dc567915b233),platform=Windows NT 6.3.9600 x86_64) (WARNING: The server did not provide any stacktrace information)
Command duration or timeout: 0 milliseconds
For documentation on this error, please visit: http://seleniumhq.org/exceptions/no_such_element.html
Build info: version: '3.1.0', revision: '86a5d70', time: '2017-02-16 07:57:44 -0800'
System info: host: 'BRC-JENKINS2-AU', ip: '172.16.61.17', os.name: 'Windows Server 2012 R2', os.arch: 'x86', os.version: '6.3', java.version: '1.8.0_66'
Driver info: org.openqa.selenium.chrome.ChromeDriver
Capabilities [{applicationCacheEnabled=false, rotatable=false, mobileEmulationEnabled=false, networkConnectionEnabled=false, chrome={chromedriverVersion=2.29.461591 (62ebf098771772160f391d75e589dc567915b233), userDataDir=C:\Users\BUILD-~1\AppData\Local\Temp\scoped_dir11004_25232}, takesHeapSnapshot=true, pageLoadStrategy=normal, databaseEnabled=false, handlesAlerts=true, hasTouchScreen=false, version=58.0.3029.110, platform=WIN8_1, browserConnectionEnabled=false, nativeEvents=true, acceptSslCerts=true, locationContextEnabled=true, webStorageEnabled=true, browserName=chrome, takesScreenshot=true, javascriptEnabled=true, cssSelectorsEnabled=true, unexpectedAlertBehaviour=}]
Session ID: 538e1e6460210869f7784402170ca9f9
*** Element info: {Using=xpath, value=//span[@translate='_Loading_']}]]></message>
                      <stack-trace><![CDATA[   at OpenQA.Selenium.Support.UI.DefaultWait`1.ThrowTimeoutException(String exceptionMessage, Exception lastException)
   at OpenQA.Selenium.Support.UI.DefaultWait`1.Until[TResult](Func`2 condition)
   at MyCompanyUiSettings.Bl.Base.waitToLoad() in C:\branches\1\main-branch\Automation\UI\MyCompanyUiSettings\Bl\Base.cs:line 537
   at MyCompanyUiSettings.Tl.Settings.Sensitive_Account_Exclusions.Look_And_Feel.LookAndFeel.UISensitiveAccountExclusionOverviewLook_MD2172(Boolean excute, String itteration, String browserName, String url) in C:\branches\1\main-branch\Automation\UI\MyCompanyUiSettings\Tl\Settings\Sensitive Account Exclusions\Look And Feel\LookAndFeel.cs:line 29
--NoSuchElementException
   at OpenQA.Selenium.Remote.RemoteWebDriver.UnpackAndThrowOnError(Response errorResponse)
   at OpenQA.Selenium.Remote.RemoteWebDriver.Execute(String driverCommandToExecute, Dictionary`2 parameters)
   at OpenQA.Selenium.Remote.RemoteWebDriver.FindElement(String mechanism, String value)
   at OpenQA.Selenium.Support.UI.ExpectedConditions.<>c__DisplayClass13.<ElementIsVisible>b__12(IWebDriver driver)
   at OpenQA.Selenium.Support.UI.DefaultWait`1.Until[TResult](Func`2 condition)]]></stack-trace>
                    </failure>
                  </test-case>
                </test-suite>
              </test-suite>
            </test-suite>
          </test-suite>
          <test-suite type="TestSuite" id="1-1347" name="Set_Admin_Roles" fullname="MyCompanyUiSettings.Tl.Settings.Set_Admin_Roles" runstate="Runnable" testcasecount="3" result="Failed" site="Child" start-time="2017-05-25 12:57:43Z" end-time="2017-05-25 13:13:54Z" duration="971.414154" total="3" passed="0" failed="3" inconclusive="0" skipped="0" asserts="0">
            <failure>
              <message><![CDATA[One or more child tests had errors]]></message>
            </failure>
            <test-suite type="TestFixture" id="1-1000" name="SetAdminRoles(MyCompanyUiSettings.ParameterInfo)" fullname="MyCompanyUiSettings.Tl.Settings.Set_Admin_Roles.SetAdminRoles(MyCompanyUiSettings.ParameterInfo)" classname="MyCompanyUiSettings.Tl.Settings.Set_Admin_Roles.SetAdminRoles" runstate="Runnable" testcasecount="3" result="Failed" site="Child" start-time="2017-05-25 13:13:21Z" end-time="2017-05-25 13:13:54Z" duration="33.760219" total="3" passed="0" failed="3" inconclusive="0" skipped="0" asserts="0">
              <failure>
                <message><![CDATA[One or more child tests had errors]]></message>
              </failure>
              <output><![CDATA[log4net:ERROR XmlHierarchyConfigurator: Cannot find Property [configuration] to set object on [log4net.Repository.Hierarchy.Hierarchy]
]]></output>
              <test-suite type="ParameterizedMethod" id="1-1002" name="UISetAdminRoleAddAdministrators_TC6381" fullname="MyCompanyUiSettings.Tl.Settings.Set_Admin_Roles.SetAdminRoles.UISetAdminRoleAddAdministrators_TC6381" runstate="Runnable" testcasecount="1" result="Failed" site="Child" start-time="2017-05-25 13:13:24Z" end-time="2017-05-25 13:13:54Z" duration="30.662389" total="1" passed="0" failed="1" inconclusive="0" skipped="0" asserts="0">
                <failure>
                  <message><![CDATA[One or more child tests had errors]]></message>
                </failure>
                <test-case id="1-1001" name="UISetAdminRoleAddAdministrators_TC6381(True,&quot;1&quot;,&quot;abcd&quot;,&quot;chrome&quot;,&quot;user,ra_user&quot;,&quot;crowdSource,whiteops&quot;,&quot;user&quot;,&quot;is_administrator&quot;,&quot;/#/settings/administrators&quot;)" fullname="MyCompanyUiSettings.Tl.Settings.Set_Admin_Roles.SetAdminRoles(MyCompanyUiSettings.ParameterInfo).UISetAdminRoleAddAdministrators_TC6381(True,&quot;1&quot;,&quot;abcd&quot;,&quot;chrome&quot;,&quot;user,ra_user&quot;,&quot;crowdSource,whiteops&quot;,&quot;user&quot;,&quot;is_administrator&quot;,&quot;/#/settings/administrators&quot;)" methodname="UISetAdminRoleAddAdministrators_TC6381" classname="MyCompanyUiSettings.Tl.Settings.Set_Admin_Roles.SetAdminRoles" runstate="Runnable" seed="798259755" result="Failed" label="Error" start-time="2017-05-25 13:13:24Z" end-time="2017-05-25 13:13:54Z" duration="30.662187" asserts="0">
                  <failure>
                    <message><![CDATA[OpenQA.Selenium.WebDriverTimeoutException : Timed out after 30 seconds
  ----> OpenQA.Selenium.NoSuchElementException : no such element: Unable to locate element: {"method":"xpath","selector":"//span[@translate='_Loading_']"}
  (Session info: chrome=58.0.3029.110)
  (Driver info: chromedriver=2.29.461591 (62ebf098771772160f391d75e589dc567915b233),platform=Windows NT 6.3.9600 x86_64) (WARNING: The server did not provide any stacktrace information)
Command duration or timeout: 16 milliseconds
For documentation on this error, please visit: http://seleniumhq.org/exceptions/no_such_element.html
Build info: version: '3.1.0', revision: '86a5d70', time: '2017-02-16 07:57:44 -0800'
System info: host: 'BRC-JENKINS2-AU', ip: '172.16.61.17', os.name: 'Windows Server 2012 R2', os.arch: 'x86', os.version: '6.3', java.version: '1.8.0_66'
Driver info: org.openqa.selenium.chrome.ChromeDriver
Capabilities [{applicationCacheEnabled=false, rotatable=false, mobileEmulationEnabled=false, networkConnectionEnabled=false, chrome={chromedriverVersion=2.29.461591 (62ebf098771772160f391d75e589dc567915b233), userDataDir=C:\Users\BUILD-~1\AppData\Local\Temp\scoped_dir7980_3057}, takesHeapSnapshot=true, pageLoadStrategy=normal, databaseEnabled=false, handlesAlerts=true, hasTouchScreen=false, version=58.0.3029.110, platform=WIN8_1, browserConnectionEnabled=false, nativeEvents=true, acceptSslCerts=true, locationContextEnabled=true, webStorageEnabled=true, browserName=chrome, takesScreenshot=true, javascriptEnabled=true, cssSelectorsEnabled=true, unexpectedAlertBehaviour=}]
Session ID: 7b8a5378b299463289d0d11f59f04129
*** Element info: {Using=xpath, value=//span[@translate='_Loading_']}]]></message>
                    <stack-trace><![CDATA[   at OpenQA.Selenium.Support.UI.DefaultWait`1.ThrowTimeoutException(String exceptionMessage, Exception lastException)
   at OpenQA.Selenium.Support.UI.DefaultWait`1.Until[TResult](Func`2 condition)
   at MyCompanyUiSettings.Bl.Base.waitToLoad() in C:\branches\1\main-branch\Automation\UI\MyCompanyUiSettings\Bl\Base.cs:line 537
   at MyCompanyUiSettings.Tl.Settings.Set_Admin_Roles.SetAdminRoles.UISetAdminRoleAddAdministrators_TC6381(Boolean excute, String itteration, String account, String browserName, String dbTables, String dbSchema, String tableName, String columnName, String url) in C:\branches\1\main-branch\Automation\UI\MyCompanyUiSettings\Tl\Settings\Set Admin Roles\SetAdminRoles.cs:line 34
--NoSuchElementException
   at OpenQA.Selenium.Remote.RemoteWebDriver.UnpackAndThrowOnError(Response errorResponse)
   at OpenQA.Selenium.Remote.RemoteWebDriver.Execute(String driverCommandToExecute, Dictionary`2 parameters)
   at OpenQA.Selenium.Remote.RemoteWebDriver.FindElement(String mechanism, String value)
   at OpenQA.Selenium.Support.UI.ExpectedConditions.<>c__DisplayClass13.<ElementIsVisible>b__12(IWebDriver driver)
   at OpenQA.Selenium.Support.UI.DefaultWait`1.Until[TResult](Func`2 condition)]]></stack-trace>
                  </failure>
                </test-case>
              </test-suite>
              <test-suite type="ParameterizedMethod" id="1-1004" name="UISetAdminRoleOverviewLook_TC3384" fullname="MyCompanyUiSettings.Tl.Settings.Set_Admin_Roles.SetAdminRoles.UISetAdminRoleOverviewLook_TC3384" runstate="Runnable" testcasecount="1" result="Failed" site="Child" start-time="2017-05-25 13:13:54Z" end-time="2017-05-25 13:13:54Z" duration="0.005843" total="1" passed="0" failed="1" inconclusive="0" skipped="0" asserts="0">
                <failure>
                  <message><![CDATA[One or more child tests had errors]]></message>
                </failure>
                <test-case id="1-1003" name="UISetAdminRoleOverviewLook_TC3384(True,&quot;1&quot;,&quot;chrome&quot;,&quot;/#/settings/administrators&quot;)" fullname="MyCompanyUiSettings.Tl.Settings.Set_Admin_Roles.SetAdminRoles(MyCompanyUiSettings.ParameterInfo).UISetAdminRoleOverviewLook_TC3384(True,&quot;1&quot;,&quot;chrome&quot;,&quot;/#/settings/administrators&quot;)" methodname="UISetAdminRoleOverviewLook_TC3384" classname="MyCompanyUiSettings.Tl.Settings.Set_Admin_Roles.SetAdminRoles" runstate="Runnable" seed="1630670862" result="Failed" label="Error" start-time="2017-05-25 13:13:54Z" end-time="2017-05-25 13:13:54Z" duration="0.005658" asserts="0">
                  <failure>
                    <message><![CDATA[System.InvalidOperationException : Session [(null externalkey)] not available and is not among the last 1000 terminated sessions.
Active sessions are[]]]></message>
                    <stack-trace><![CDATA[   at OpenQA.Selenium.Remote.RemoteWebDriver.UnpackAndThrowOnError(Response errorResponse)
   at OpenQA.Selenium.Remote.RemoteWebDriver.Execute(String driverCommandToExecute, Dictionary`2 parameters)
   at OpenQA.Selenium.Remote.RemoteWebDriver.FindElement(String mechanism, String value)
   at OpenQA.Selenium.Support.UI.ExpectedConditions.<>c__DisplayClass13.<ElementIsVisible>b__12(IWebDriver driver)
   at OpenQA.Selenium.Support.UI.DefaultWait`1.Until[TResult](Func`2 condition)
   at MyCompanyUiSettings.Bl.Base.waitToLoad() in C:\branches\1\main-branch\Automation\UI\MyCompanyUiSettings\Bl\Base.cs:line 537
   at MyCompanyUiSettings.Tl.Settings.Set_Admin_Roles.SetAdminRoles.UISetAdminRoleOverviewLook_TC3384(Boolean excute, String itteration, String browserName, String url) in C:\branches\1\main-branch\Automation\UI\MyCompanyUiSettings\Tl\Settings\Set Admin Roles\SetAdminRoles.cs:line 97]]></stack-trace>
                  </failure>
                </test-case>
              </test-suite>
              <test-suite type="ParameterizedMethod" id="1-1006" name="UISetAdminRoleRemoveAdministrators_TC3382" fullname="MyCompanyUiSettings.Tl.Settings.Set_Admin_Roles.SetAdminRoles.UISetAdminRoleRemoveAdministrators_TC3382" runstate="Runnable" testcasecount="1" result="Failed" site="Child" start-time="2017-05-25 13:13:54Z" end-time="2017-05-25 13:13:54Z" duration="0.005722" total="1" passed="0" failed="1" inconclusive="0" skipped="0" asserts="0">
                <failure>
                  <message><![CDATA[One or more child tests had errors]]></message>
                </failure>
                <test-case id="1-1005" name="UISetAdminRoleRemoveAdministrators_TC3382(True,&quot;1&quot;,&quot;abcd&quot;,&quot;chrome&quot;,&quot;user,ra_user&quot;,&quot;crowdSource,whiteops&quot;,&quot;user&quot;,&quot;is_administrator&quot;,&quot;/#/settings/administrators&quot;)" fullname="MyCompanyUiSettings.Tl.Settings.Set_Admin_Roles.SetAdminRoles(MyCompanyUiSettings.ParameterInfo).UISetAdminRoleRemoveAdministrators_TC3382(True,&quot;1&quot;,&quot;abcd&quot;,&quot;chrome&quot;,&quot;user,ra_user&quot;,&quot;crowdSource,whiteops&quot;,&quot;user&quot;,&quot;is_administrator&quot;,&quot;/#/settings/administrators&quot;)" methodname="UISetAdminRoleRemoveAdministrators_TC3382" classname="MyCompanyUiSettings.Tl.Settings.Set_Admin_Roles.SetAdminRoles" runstate="Runnable" seed="993609143" result="Failed" label="Error" start-time="2017-05-25 13:13:54Z" end-time="2017-05-25 13:13:54Z" duration="0.005589" asserts="0">
                  <failure>
                    <message><![CDATA[System.InvalidOperationException : Session [(null externalkey)] not available and is not among the last 1000 terminated sessions.
Active sessions are[]]]></message>
                    <stack-trace><![CDATA[   at OpenQA.Selenium.Remote.RemoteWebDriver.UnpackAndThrowOnError(Response errorResponse)
   at OpenQA.Selenium.Remote.RemoteWebDriver.Execute(String driverCommandToExecute, Dictionary`2 parameters)
   at OpenQA.Selenium.Remote.RemoteWebDriver.FindElement(String mechanism, String value)
   at OpenQA.Selenium.Support.UI.ExpectedConditions.<>c__DisplayClass13.<ElementIsVisible>b__12(IWebDriver driver)
   at OpenQA.Selenium.Support.UI.DefaultWait`1.Until[TResult](Func`2 condition)
   at MyCompanyUiSettings.Bl.Base.waitToLoad() in C:\branches\1\main-branch\Automation\UI\MyCompanyUiSettings\Bl\Base.cs:line 537
   at MyCompanyUiSettings.Tl.Settings.Set_Admin_Roles.SetAdminRoles.UISetAdminRoleRemoveAdministrators_TC3382(Boolean excute, String itteration, String account, String browserName, String dbTables, String dbSchema, String tableName, String columnName, String url) in C:\branches\1\main-branch\Automation\UI\MyCompanyUiSettings\Tl\Settings\Set Admin Roles\SetAdminRoles.cs:line 138]]></stack-trace>
                  </failure>
                </test-case>
              </test-suite>
            </test-suite>
          </test-suite>
        </test-suite>
      </test-suite>
    </test-suite>
  </test-suite>
</test-run>
