<?xml version="1.0" encoding="utf-8" standalone="no"?>
<!--This file represents the results of running a test suite-->
<test-results name="C:\Users\Samw\Documents\Visual Studio 2008\Projects\GetBrowsersTest\GetBrowsersTest\bin\Debug\GetBrowsersTest.dll" total="9" errors="0" failures="3" not-run="0" inconclusive="0" ignored="0" skipped="0" invalid="0" date="2010-04-20" time="15:53:27">
  <environment nunit-version="2.5.3.9345" clr-version="2.0.50727.4927" os-version="Microsoft Windows NT 6.1.7600.0" platform="Win32NT" cwd="C:\Program Files (x86)\NUnit 2.5.3\bin\net-2.0" machine-name="SAMW-CHEEZPC" user="Samw" user-domain="samw-cheezpc" />
  <culture-info current-culture="en-US" current-uiculture="en-US" />
  <test-suite name="C:\Users\Samw\Documents\Visual Studio 2008\Projects\GetBrowsersTest\GetBrowsersTest\bin\Debug\GetBrowsersTest.dll" executed="True" success="False" time="0.067" asserts="0">
    <results>
      <test-suite name="GetBrowsersTest" executed="True" success="False" time="0.058" asserts="0">
        <results>
          <test-suite name="BrowserNamesTest1" executed="True" success="False" time="0.057" asserts="0">
            <results>
              <test-suite name="AnotherTest" executed="True" success="True" time="0.035" asserts="0">
                <results>
                  <test-case name="GetBrowsersTest.BrowserNamesTest1.AnotherTest(&quot;IE&quot;)" executed="True" success="True" time="0.023" asserts="0" />
                  <test-case name="GetBrowsersTest.BrowserNamesTest1.AnotherTest(&quot;FireFox&quot;)" executed="True" success="True" time="0.001" asserts="0" />
                  <test-case name="GetBrowsersTest.BrowserNamesTest1.AnotherTest(&quot;Safari&quot;)" executed="True" success="True" time="0.001" asserts="0" />
                </results>
              </test-suite>
              <test-suite name="FailTest" executed="True" success="False" time="0.007" asserts="0">
                <results>
                  <test-case name="GetBrowsersTest.BrowserNamesTest1.FailTest(&quot;IE&quot;)" executed="True" success="False" time="0.005" asserts="0">
                    <failure>
                      <message><![CDATA[]]></message>
                      <stack-trace><![CDATA[at GetBrowsersTest.BrowserNamesTest1.FailTest(String browser) in C:\Users\Samw\Documents\Visual Studio 2008\Projects\GetBrowsersTest\GetBrowsersTest\BrowserNamesTest1.cs:line 27
]]></stack-trace>
                    </failure>
                  </test-case>
                  <test-case name="GetBrowsersTest.BrowserNamesTest1.FailTest(&quot;FireFox&quot;)" executed="True" success="False" time="0.001" asserts="0">
                    <failure>
                      <message><![CDATA[]]></message>
                      <stack-trace><![CDATA[at GetBrowsersTest.BrowserNamesTest1.FailTest(String browser) in C:\Users\Samw\Documents\Visual Studio 2008\Projects\GetBrowsersTest\GetBrowsersTest\BrowserNamesTest1.cs:line 27
]]></stack-trace>
                    </failure>
                  </test-case>
                  <test-case name="GetBrowsersTest.BrowserNamesTest1.FailTest(&quot;Safari&quot;)" executed="True" success="False" time="0.000" asserts="0">
                    <failure>
                      <message><![CDATA[]]></message>
                      <stack-trace><![CDATA[at GetBrowsersTest.BrowserNamesTest1.FailTest(String browser) in C:\Users\Samw\Documents\Visual Studio 2008\Projects\GetBrowsersTest\GetBrowsersTest\BrowserNamesTest1.cs:line 27
]]></stack-trace>
                    </failure>
                  </test-case>
                </results>
              </test-suite>
              <test-suite name="ShowBrowsers" executed="True" success="True" time="0.001" asserts="0">
                <results>
                  <test-case name="GetBrowsersTest.BrowserNamesTest1.ShowBrowsers(&quot;IE&quot;)" executed="True" success="True" time="0.001" asserts="0" />
                  <test-case name="GetBrowsersTest.BrowserNamesTest1.ShowBrowsers(&quot;FireFox&quot;)" executed="True" success="True" time="0.000" asserts="0" />
                  <test-case name="GetBrowsersTest.BrowserNamesTest1.ShowBrowsers(&quot;Safari&quot;)" executed="True" success="True" time="0.000" asserts="0" />
                </results>
              </test-suite>
            </results>
          </test-suite>
        </results>
      </test-suite>
    </results>
  </test-suite>
</test-results>