<?xml version="1.0" encoding="utf-8" standalone="no"?>
<!--This file represents the results of running a test suite-->
<test-results name="/home/erik/coding/test/nunittests/Tests.dll" total="4" failures="1" not-run="0" date="2007-07-27" time="11:18:43">
  <environment nunit-version="2.2.8.0" clr-version="2.0.50727.42" os-version="Unix 2.6.18.4" platform="Unix" cwd="/home/erik/coding/test/nunittests" machine-name="akira.ramfelt.se" user="erik" user-domain="akira.ramfelt.se" />
  <culture-info current-culture="sv-SE" current-uiculture="sv-SE" />
  <test-suite name="/home/erik/coding/test/nunittests/Tests.dll" success="False" time="0.404" asserts="0">
    <results>
      <test-suite name="UnitTests" success="False" time="0.393" asserts="0">
        <results>
          <test-suite name="UnitTests.MainClassTest" success="True" time="0.289" asserts="0">
            <results>
              <test-case name="UnitTests.MainClassTest.TestPropertyValue" executed="True" success="True" time="0.146" asserts="1" />
              <test-case name="UnitTests.MainClassTest.TestMethodUpdateValue" executed="True" success="True" time="0.001" asserts="1" />
            </results>
          </test-suite>
        </results>
      </test-suite>
    </results>
  </test-suite>
</test-results>