[
  {
    'name': 'Test Results',
    'head_sha': 'commit sha',
    'status': 'completed',
    'conclusion': 'failure',
    'output': {
      'title': '1 errors, 19 fail, 5 skipped, 6 pass in 0s',
      'summary':
        '\u20071 files\u2004\u2003\u20072 suites\u2004\u2003\u20020s ‚è±Ô∏è\n31 '
        'tests\u2003\u20076 ‚úÖ\u20035 üí§\u200319 ‚ùå\u20031 üî•\n31 runs\u200a\u2003'
        '11 ‚úÖ\u20030 üí§\u200319 ‚ùå\u20031 üî•\n\nResults for commit commit s.\n\n'
        '[test-results]:data:application/gzip;base64,H4sIAAAAAAAC/02NQQqAIBBFr'
        'yKuW2RRUJcJsaIhyxh1Fd29sdLczXsf3px8Bj1Z3jNRMG49uAcqgtGjdGB2wpKQBhemWk'
        'QYrFeKTPuLFQ4STRKzBB3aXTITosHvHfo9FcMdg+IXb7CMnPcekeeU2TZwBN/F7CL5dQP'
        'prhoZ4gAAAA==\n',
      'annotations': [
        {
          'path': '/',
          'start_line': 0,
          'end_line': 0,
          'annotation_level': 'warning',
          'message': 'tst/disabled.xml\u2003[took 0s]',
          'title': 'factorial_of_value_from_fixture failed',
          'raw_details':
            '/home/ivan/prj/tst/tests/failed/main.cpp:72: error: '
            'check_eq(3628800, 3628801)'
        },
        {
          'path': '/',
          'start_line': 0,
          'end_line': 0,
          'annotation_level': 'warning',
          'message': 'tst/disabled.xml\u2003[took 0s]',
          'title': 'positive_arguments_must_produce_expected_result failed',
          'raw_details':
            '/home/ivan/prj/tst/tests/failed/main.cpp:45: error: check_ne(6, '
            '6)hello world!'
        },
        {
          'path': '/',
          'start_line': 0,
          'end_line': 0,
          'annotation_level': 'failure',
          'message': 'tst/disabled.xml\u2003[took 0s]',
          'title': 'test_which_throws_unknown_exception with error',
          'raw_details': 'uncaught (anonymous namespace)::some_unknown_exception'
        },
        {
          'path': '/',
          'start_line': 0,
          'end_line': 0,
          'annotation_level': 'warning',
          'message': 'tst/disabled.xml\u2003[took 0s]',
          'title': 'positive_arguments_must_produce_expected_result[2] failed',
          'raw_details': '/home/ivan/prj/tst/tests/failed/main.cpp:85: error: check(false)'
        },
        {
          'path': '/',
          'start_line': 0,
          'end_line': 0,
          'annotation_level': 'warning',
          'message': 'tst/disabled.xml\u2003[took 0s]',
          'title': 'factorial_of_value_from_fixture[0] failed',
          'raw_details': '/home/ivan/prj/tst/tests/failed/main.cpp:109: error: expected 2'
        },
        {
          'path': '/',
          'start_line': 0,
          'end_line': 0,
          'annotation_level': 'warning',
          'message': 'tst/disabled.xml\u2003[took 0s]',
          'title': 'test_which_fails_check_eq_with_custom_message failed',
          'raw_details':
            '/home/ivan/prj/tst/tests/failed/main.cpp:62: error: check_eq(6, '
            '7)hello world!'
        },
        {
          'path': '/',
          'start_line': 0,
          'end_line': 0,
          'annotation_level': 'warning',
          'message': 'tst/disabled.xml\u2003[took 0s]',
          'title': 'check_ge_print failed',
          'raw_details':
            '/home/ivan/prj/tst/tests/failed/checks.cpp:59: error: check_ge(2, '
            '3)failed!'
        },
        {
          'path': '/',
          'start_line': 0,
          'end_line': 0,
          'annotation_level': 'warning',
          'message': 'tst/disabled.xml\u2003[took 0s]',
          'title': 'check_ge failed',
          'raw_details':
            '/home/ivan/prj/tst/tests/failed/checks.cpp:55: error: check_ge(2, '
            '3)Hello world!'
        },
        {
          'path': '/',
          'start_line': 0,
          'end_line': 0,
          'annotation_level': 'warning',
          'message': 'tst/disabled.xml\u2003[took 0s]',
          'title': 'check_gt_print failed',
          'raw_details':
            '/home/ivan/prj/tst/tests/failed/checks.cpp:43: error: check_gt(2, '
            '2)failed!'
        },
        {
          'path': '/',
          'start_line': 0,
          'end_line': 0,
          'annotation_level': 'warning',
          'message': 'tst/disabled.xml\u2003[took 0s]',
          'title': 'check_lt_print failed',
          'raw_details':
            '/home/ivan/prj/tst/tests/failed/checks.cpp:35: error: check_lt(2, '
            '2)failed!'
        },
        {
          'path': '/',
          'start_line': 0,
          'end_line': 0,
          'annotation_level': 'warning',
          'message': 'tst/disabled.xml\u2003[took 0s]',
          'title': 'check_print failed',
          'raw_details': '/home/ivan/prj/tst/tests/failed/checks.cpp:11: error: failed!'
        },
        {
          'path': '/',
          'start_line': 0,
          'end_line': 0,
          'annotation_level': 'warning',
          'message': 'tst/disabled.xml\u2003[took 0s]',
          'title': 'check_gt failed',
          'raw_details':
            '/home/ivan/prj/tst/tests/failed/checks.cpp:39: error: check_gt(2, '
            '2)Hello world!'
        },
        {
          'path': '/',
          'start_line': 0,
          'end_line': 0,
          'annotation_level': 'warning',
          'message': 'tst/disabled.xml\u2003[took 0s]',
          'title': 'check failed',
          'raw_details': '/home/ivan/prj/tst/tests/failed/checks.cpp:7: error: Hello world!'
        },
        {
          'path': '/',
          'start_line': 0,
          'end_line': 0,
          'annotation_level': 'warning',
          'message': 'tst/disabled.xml\u2003[took 0s]',
          'title': 'check_le_print failed',
          'raw_details':
            '/home/ivan/prj/tst/tests/failed/checks.cpp:51: error: check_le(2, '
            '1)failed!'
        },
        {
          'path': '/',
          'start_line': 0,
          'end_line': 0,
          'annotation_level': 'warning',
          'message': 'tst/disabled.xml\u2003[took 0s]',
          'title': 'check_eq failed',
          'raw_details':
            '/home/ivan/prj/tst/tests/failed/checks.cpp:15: error: check_eq(1, '
            '2)Hello world!'
        },
        {
          'path': '/',
          'start_line': 0,
          'end_line': 0,
          'annotation_level': 'warning',
          'message': 'tst/disabled.xml\u2003[took 0s]',
          'title': 'check_eq_print failed',
          'raw_details':
            '/home/ivan/prj/tst/tests/failed/checks.cpp:19: error: check_eq(1, '
            '2)failed!'
        },
        {
          'path': '/',
          'start_line': 0,
          'end_line': 0,
          'annotation_level': 'warning',
          'message': 'tst/disabled.xml\u2003[took 0s]',
          'title': 'check_le failed',
          'raw_details':
            '/home/ivan/prj/tst/tests/failed/checks.cpp:47: error: check_le(2, '
            '1)Hello world!'
        },
        {
          'path': '/',
          'start_line': 0,
          'end_line': 0,
          'annotation_level': 'warning',
          'message': 'tst/disabled.xml\u2003[took 0s]',
          'title': 'check_ne failed',
          'raw_details':
            '/home/ivan/prj/tst/tests/failed/checks.cpp:23: error: check_ne(2, '
            '2)Hello world!'
        },
        {
          'path': '/',
          'start_line': 0,
          'end_line': 0,
          'annotation_level': 'warning',
          'message': 'tst/disabled.xml\u2003[took 0s]',
          'title': 'check_lt failed',
          'raw_details':
            '/home/ivan/prj/tst/tests/failed/checks.cpp:31: error: check_lt(2, '
            '2)Hello world!'
        },
        {
          'path': '/',
          'start_line': 0,
          'end_line': 0,
          'annotation_level': 'warning',
          'message': 'tst/disabled.xml\u2003[took 0s]',
          'title': 'check_ne_print failed',
          'raw_details':
            '/home/ivan/prj/tst/tests/failed/checks.cpp:27: error: check_ne(2, '
            '2)failed!'
        },
        {
          'path': '.github',
          'start_line': 0,
          'end_line': 0,
          'annotation_level': 'notice',
          'message':
            'There are 5 skipped tests, see "Raw output" for the full list of '
            'skipped tests.',
          'title': '5 skipped tests found',
          'raw_details':
            'disabled_param_test[0]\ndisabled_param_test[1]\n'
            'disabled_param_test[2]\ndisabled_param_test[3]\ndisabled_test'
        },
        {
          'path': '.github',
          'start_line': 0,
          'end_line': 0,
          'annotation_level': 'notice',
          'message': 'There are 31 tests, see "Raw output" for the full list of tests.',
          'title': '31 tests found',
          'raw_details':
            'check\ncheck_eq\ncheck_eq_print\ncheck_ge\ncheck_ge_print\n'
            'check_gt\ncheck_gt_print\ncheck_le\ncheck_le_print\ncheck_lt\n'
            'check_lt_print\ncheck_ne\ncheck_ne_print\ncheck_print\n'
            'disabled_param_test[0]\ndisabled_param_test[1]\n'
            'disabled_param_test[2]\ndisabled_param_test[3]\ndisabled_test\n'
            'factorial_of_value_from_fixture\n'
            'factorial_of_value_from_fixture[0]\n'
            'factorial_of_value_from_fixture[1]\n'
            'factorial_of_value_from_fixture[2]\n'
            'factorial_of_value_from_fixture[3]\n'
            'positive_arguments_must_produce_expected_result\n'
            'positive_arguments_must_produce_expected_result[0]\n'
            'positive_arguments_must_produce_expected_result[1]\n'
            'positive_arguments_must_produce_expected_result[2]\n'
            'positive_arguments_must_produce_expected_result[3]\n'
            'test_which_fails_check_eq_with_custom_message\n'
            'test_which_throws_unknown_exception'
        }
      ]
    }
  }
]