{
  "title": "1 errors, 19 fail, 5 skipped, 6 pass in 0s",
  "summary": "â€‡1 filesâ€„â€ƒâ€‡2 suitesâ€„â€ƒâ€‚0s â±ï¸\n31 testsâ€ƒâ€‡6 âœ…â€ƒ5 ğŸ’¤â€ƒ19 âŒâ€ƒ1 ğŸ”¥\n31 runsâ€Šâ€ƒ11 âœ…â€ƒ0 ğŸ’¤â€ƒ19 âŒâ€ƒ1 ğŸ”¥\n\nResults for commit commit s.\n",
  "conclusion": "failure",
  "stats": {
    "files": 1,
    "errors": [],
    "suites": 2,
    "duration": 0,
    "tests": 31,
    "tests_succ": 6,
    "tests_skip": 5,
    "tests_fail": 19,
    "tests_error": 1,
    "runs": 31,
    "runs_succ": 11,
    "runs_skip": 0,
    "runs_fail": 19,
    "runs_error": 1,
    "commit": "commit sha"
  },
  "annotations": [
    {
      "path": "/",
      "start_line": 0,
      "end_line": 0,
      "annotation_level": "warning",
      "message": "tst/disabled.xmlâ€ƒ[took 0s]",
      "title": "factorial_of_value_from_fixture failed",
      "raw_details": "/home/ivan/prj/tst/tests/failed/main.cpp:72: error: check_eq(3628800, 3628801)"
    },
    {
      "path": "/",
      "start_line": 0,
      "end_line": 0,
      "annotation_level": "warning",
      "message": "tst/disabled.xmlâ€ƒ[took 0s]",
      "title": "positive_arguments_must_produce_expected_result failed",
      "raw_details": "/home/ivan/prj/tst/tests/failed/main.cpp:45: error: check_ne(6, 6)hello world!"
    },
    {
      "path": "/",
      "start_line": 0,
      "end_line": 0,
      "annotation_level": "failure",
      "message": "tst/disabled.xmlâ€ƒ[took 0s]",
      "title": "test_which_throws_unknown_exception with error",
      "raw_details": "uncaught (anonymous namespace)::some_unknown_exception"
    },
    {
      "path": "/",
      "start_line": 0,
      "end_line": 0,
      "annotation_level": "warning",
      "message": "tst/disabled.xmlâ€ƒ[took 0s]",
      "title": "positive_arguments_must_produce_expected_result[2] failed",
      "raw_details": "/home/ivan/prj/tst/tests/failed/main.cpp:85: error: check(false)"
    },
    {
      "path": "/",
      "start_line": 0,
      "end_line": 0,
      "annotation_level": "warning",
      "message": "tst/disabled.xmlâ€ƒ[took 0s]",
      "title": "factorial_of_value_from_fixture[0] failed",
      "raw_details": "/home/ivan/prj/tst/tests/failed/main.cpp:109: error: expected 2"
    },
    {
      "path": "/",
      "start_line": 0,
      "end_line": 0,
      "annotation_level": "warning",
      "message": "tst/disabled.xmlâ€ƒ[took 0s]",
      "title": "test_which_fails_check_eq_with_custom_message failed",
      "raw_details": "/home/ivan/prj/tst/tests/failed/main.cpp:62: error: check_eq(6, 7)hello world!"
    },
    {
      "path": "/",
      "start_line": 0,
      "end_line": 0,
      "annotation_level": "warning",
      "message": "tst/disabled.xmlâ€ƒ[took 0s]",
      "title": "check_ge_print failed",
      "raw_details": "/home/ivan/prj/tst/tests/failed/checks.cpp:59: error: check_ge(2, 3)failed!"
    },
    {
      "path": "/",
      "start_line": 0,
      "end_line": 0,
      "annotation_level": "warning",
      "message": "tst/disabled.xmlâ€ƒ[took 0s]",
      "title": "check_ge failed",
      "raw_details": "/home/ivan/prj/tst/tests/failed/checks.cpp:55: error: check_ge(2, 3)Hello world!"
    },
    {
      "path": "/",
      "start_line": 0,
      "end_line": 0,
      "annotation_level": "warning",
      "message": "tst/disabled.xmlâ€ƒ[took 0s]",
      "title": "check_gt_print failed",
      "raw_details": "/home/ivan/prj/tst/tests/failed/checks.cpp:43: error: check_gt(2, 2)failed!"
    },
    {
      "path": "/",
      "start_line": 0,
      "end_line": 0,
      "annotation_level": "warning",
      "message": "tst/disabled.xmlâ€ƒ[took 0s]",
      "title": "check_lt_print failed",
      "raw_details": "/home/ivan/prj/tst/tests/failed/checks.cpp:35: error: check_lt(2, 2)failed!"
    },
    {
      "path": "/",
      "start_line": 0,
      "end_line": 0,
      "annotation_level": "warning",
      "message": "tst/disabled.xmlâ€ƒ[took 0s]",
      "title": "check_print failed",
      "raw_details": "/home/ivan/prj/tst/tests/failed/checks.cpp:11: error: failed!"
    },
    {
      "path": "/",
      "start_line": 0,
      "end_line": 0,
      "annotation_level": "warning",
      "message": "tst/disabled.xmlâ€ƒ[took 0s]",
      "title": "check_gt failed",
      "raw_details": "/home/ivan/prj/tst/tests/failed/checks.cpp:39: error: check_gt(2, 2)Hello world!"
    },
    {
      "path": "/",
      "start_line": 0,
      "end_line": 0,
      "annotation_level": "warning",
      "message": "tst/disabled.xmlâ€ƒ[took 0s]",
      "title": "check failed",
      "raw_details": "/home/ivan/prj/tst/tests/failed/checks.cpp:7: error: Hello world!"
    },
    {
      "path": "/",
      "start_line": 0,
      "end_line": 0,
      "annotation_level": "warning",
      "message": "tst/disabled.xmlâ€ƒ[took 0s]",
      "title": "check_le_print failed",
      "raw_details": "/home/ivan/prj/tst/tests/failed/checks.cpp:51: error: check_le(2, 1)failed!"
    },
    {
      "path": "/",
      "start_line": 0,
      "end_line": 0,
      "annotation_level": "warning",
      "message": "tst/disabled.xmlâ€ƒ[took 0s]",
      "title": "check_eq failed",
      "raw_details": "/home/ivan/prj/tst/tests/failed/checks.cpp:15: error: check_eq(1, 2)Hello world!"
    },
    {
      "path": "/",
      "start_line": 0,
      "end_line": 0,
      "annotation_level": "warning",
      "message": "tst/disabled.xmlâ€ƒ[took 0s]",
      "title": "check_eq_print failed",
      "raw_details": "/home/ivan/prj/tst/tests/failed/checks.cpp:19: error: check_eq(1, 2)failed!"
    },
    {
      "path": "/",
      "start_line": 0,
      "end_line": 0,
      "annotation_level": "warning",
      "message": "tst/disabled.xmlâ€ƒ[took 0s]",
      "title": "check_le failed",
      "raw_details": "/home/ivan/prj/tst/tests/failed/checks.cpp:47: error: check_le(2, 1)Hello world!"
    },
    {
      "path": "/",
      "start_line": 0,
      "end_line": 0,
      "annotation_level": "warning",
      "message": "tst/disabled.xmlâ€ƒ[took 0s]",
      "title": "check_ne failed",
      "raw_details": "/home/ivan/prj/tst/tests/failed/checks.cpp:23: error: check_ne(2, 2)Hello world!"
    },
    {
      "path": "/",
      "start_line": 0,
      "end_line": 0,
      "annotation_level": "warning",
      "message": "tst/disabled.xmlâ€ƒ[took 0s]",
      "title": "check_lt failed",
      "raw_details": "/home/ivan/prj/tst/tests/failed/checks.cpp:31: error: check_lt(2, 2)Hello world!"
    },
    {
      "path": "/",
      "start_line": 0,
      "end_line": 0,
      "annotation_level": "warning",
      "message": "tst/disabled.xmlâ€ƒ[took 0s]",
      "title": "check_ne_print failed",
      "raw_details": "/home/ivan/prj/tst/tests/failed/checks.cpp:27: error: check_ne(2, 2)failed!"
    },
    {
      "path": ".github",
      "start_line": 0,
      "end_line": 0,
      "annotation_level": "notice",
      "message": "There are 5 skipped tests, see \"Raw output\" for the full list of skipped tests.",
      "title": "5 skipped tests found",
      "raw_details": "disabled_param_test[0]\ndisabled_param_test[1]\ndisabled_param_test[2]\ndisabled_param_test[3]\ndisabled_test"
    },
    {
      "path": ".github",
      "start_line": 0,
      "end_line": 0,
      "annotation_level": "notice",
      "message": "There are 31 tests, see \"Raw output\" for the full list of tests.",
      "title": "31 tests found",
      "raw_details": "check\ncheck_eq\ncheck_eq_print\ncheck_ge\ncheck_ge_print\ncheck_gt\ncheck_gt_print\ncheck_le\ncheck_le_print\ncheck_lt\ncheck_lt_print\ncheck_ne\ncheck_ne_print\ncheck_print\ndisabled_param_test[0]\ndisabled_param_test[1]\ndisabled_param_test[2]\ndisabled_param_test[3]\ndisabled_test\nfactorial_of_value_from_fixture\nfactorial_of_value_from_fixture[0]\nfactorial_of_value_from_fixture[1]\nfactorial_of_value_from_fixture[2]\nfactorial_of_value_from_fixture[3]\npositive_arguments_must_produce_expected_result\npositive_arguments_must_produce_expected_result[0]\npositive_arguments_must_produce_expected_result[1]\npositive_arguments_must_produce_expected_result[2]\npositive_arguments_must_produce_expected_result[3]\ntest_which_fails_check_eq_with_custom_message\ntest_which_throws_unknown_exception"
    }
  ],
  "check_url": "html",
  "formatted": {
    "stats": {
      "files": "1",
      "errors": [],
      "suites": "2",
      "duration": "0",
      "tests": "31",
      "tests_succ": "6",
      "tests_skip": "5",
      "tests_fail": "19",
      "tests_error": "1",
      "runs": "31",
      "runs_succ": "11",
      "runs_skip": "0",
      "runs_fail": "19",
      "runs_error": "1",
      "commit": "commit sha"
    }
  }
}