[
  {
    'name': 'Test Results',
    'head_sha': 'commit sha',
    'status': 'completed',
    'conclusion': 'failure',
    'output': {
      'title': '2 fail, 21 skipped, 2 pass in 26s',
      'summary':
        '25 tests\u2002\u2003\u2003\u20072 ‚úÖ\u2003\u200326s ‚è±Ô∏è\n\u20071 '
        'suites\u2003\u200321 üí§\n\u20071 files\u2004\u2002\u2003\u2003\u20072 '
        '‚ùå\n\nResults for commit commit s.\n\n'
        '[test-results]:data:application/gzip;base64,H4sIAAAAAAAC/1WMOw6AIBAFr'
        '0KoLcRECy9jCErciGAWqIx3d/GD2O3M28zONZjJ856JinEfIWQYI8oAzhI2HTEtIW1N+8'
        'Lgo1LJfGKBLQmRjZZgfi8TokMyNRmMNhfTXQZvLnqXKHIXlzXl1hUCwXMxP0t+nB5bCu/'
        'iAAAA\n',
      'annotations': [
        {
          'path': 'Prueba_Sistema.SIARAlgorithmTest',
          'start_line': 0,
          'end_line': 0,
          'annotation_level': 'warning',
          'message': 'yami_YAMILEX_2015-10-24_04_18_59.trx\u2003[took 19s]',
          'title': 'EST_INTER_TEMPTest (Prueba_Sistema.SIARAlgorithmTest) failed',
          'raw_details':
            'El m√©todo de prueba '
            'Prueba_Sistema.SIARAlgorithmTest.EST_INTER_TEMPTest produjo la '
            'excepci√≥n: \nSystem.ArgumentOutOfRangeException: El √≠ndice estaba '
            'fuera del intervalo. Debe ser un valor no negativo e inferior al '
            'tama√±o de la colecci√≥n.\nNombre del par√°metro: index    en '
            'System.ThrowHelper.ThrowArgumentOutOfRangeException()\n   en '
            'System.Collections.Generic.List`1.set_Item(Int32 index, T value)\n  '
            ' en '
            'TMC.Components.TemperatureControl.SIARAlgorithm.EST_INTER_TEMP(Doub'
            'le TAMP, Int32 TEXTERN) en '
            'E:\\TMC\\TMC\\Components\\TemperatureControl\\SIARAlgorithms.cs:l√≠nea'
            ' 363\n   en Prueba_Sistema.SIARAlgorithmTest.EST_INTER_TEMPTest() '
            'en E:\\TMC\\Prueba_Sistema\\SIARAlgorithmTest.cs:l√≠nea 199'
        },
        {
          'path': 'Prueba_Sistema.SIARAlgorithmTest',
          'start_line': 0,
          'end_line': 0,
          'annotation_level': 'warning',
          'message': 'yami_YAMILEX_2015-10-24_04_18_59.trx\u2003[took 2s]',
          'title': 'EST_LAMB_TEMPTest (Prueba_Sistema.SIARAlgorithmTest) failed',
          'raw_details':
            'El m√©todo de prueba '
            'Prueba_Sistema.SIARAlgorithmTest.EST_LAMB_TEMPTest produjo la '
            'excepci√≥n: \nSystem.ArgumentOutOfRangeException: El √≠ndice estaba '
            'fuera del intervalo. Debe ser un valor no negativo e inferior al '
            'tama√±o de la colecci√≥n.\nNombre del par√°metro: index    en '
            'System.ThrowHelper.ThrowArgumentOutOfRangeException()\n   en '
            'System.Collections.Generic.List`1.get_Item(Int32 index)\n   en '
            'TMC.Components.TemperatureControl.SIARAlgorithm.EST_LAMB_TEMP(Doubl'
            'e TINTPP, Double TAMP, Int32 TEXTERN, Int32 CRPBuscar) en '
            'E:\\TMC\\TMC\\Components\\TemperatureControl\\SIARAlgorithms.cs:l√≠nea'
            ' 474\n   en Prueba_Sistema.SIARAlgorithmTest.EST_LAMB_TEMPTest() '
            'en E:\\TMC\\Prueba_Sistema\\SIARAlgorithmTest.cs:l√≠nea 217'
        },
        {
          'path': '.github',
          'start_line': 0,
          'end_line': 0,
          'annotation_level': 'notice',
          'message':
            'There are 21 skipped tests, see "Raw output" for the full list of '
            'skipped tests.',
          'title': '21 skipped tests found',
          'raw_details':
            'Prueba_Sistema.SIARAlgorithmTest ‚Äë CompareTest\n'
            'Prueba_Sistema.SIARAlgorithmTest ‚Äë CostoTest\n'
            'Prueba_Sistema.SIARAlgorithmTest ‚Äë EST_SEG_TEMPTest\n'
            'Prueba_Sistema.SIARAlgorithmTest ‚Äë EspesorTest\n'
            'Prueba_Sistema.SIARAlgorithmTest ‚Äë FlujoCaloricoTest\n'
            'Prueba_Sistema.SIARAlgorithmTest ‚Äë GetAlphaExternoTest\n'
            'Prueba_Sistema.SIARAlgorithmTest ‚Äë GetComposicionTest\n'
            'Prueba_Sistema.SIARAlgorithmTest ‚Äë GetDise√±oTest\n'
            'Prueba_Sistema.SIARAlgorithmTest ‚Äë GetSpesorTest\n'
            'Prueba_Sistema.SIARAlgorithmTest ‚Äë LamdaTest\n'
            'Prueba_Sistema.SIARAlgorithmTest ‚Äë MaterialesTest\n'
            'Prueba_Sistema.SIARAlgorithmTest ‚Äë PerdidaTotalTest\n'
            'Prueba_Sistema.SIARAlgorithmTest ‚Äë PesoTest\n'
            'Prueba_Sistema.SIARAlgorithmTest ‚Äë ProjectObjectTest\n'
            'Prueba_Sistema.SIARAlgorithmTest ‚Äë ProjectTest\n'
            'Prueba_Sistema.SIARAlgorithmTest ‚Äë SIARAlgorithmConstructorTest\n'
            'Prueba_Sistema.SIARAlgorithmTest ‚Äë SiSParcialTest\n'
            'Prueba_Sistema.SIARAlgorithmTest ‚Äë SpesorTest\n'
            'Prueba_Sistema.SIARAlgorithmTest ‚Äë TDataSetTest\n'
            'Prueba_Sistema.SIARAlgorithmTest ‚Äë TempExternaTest\n'
            'Prueba_Sistema.SIARAlgorithmTest ‚Äë VolumenTest'
        },
        {
          'path': '.github',
          'start_line': 0,
          'end_line': 0,
          'annotation_level': 'notice',
          'message': 'There are 25 tests, see "Raw output" for the full list of tests.',
          'title': '25 tests found',
          'raw_details':
            'Prueba_Sistema.SIARAlgorithmTest ‚Äë ClearListTest\n'
            'Prueba_Sistema.SIARAlgorithmTest ‚Äë CompareTest\n'
            'Prueba_Sistema.SIARAlgorithmTest ‚Äë CostoTest\n'
            'Prueba_Sistema.SIARAlgorithmTest ‚Äë EST_INTER_TEMPTest\n'
            'Prueba_Sistema.SIARAlgorithmTest ‚Äë EST_LAMB_TEMPTest\n'
            'Prueba_Sistema.SIARAlgorithmTest ‚Äë EST_SEG_TEMPTest\n'
            'Prueba_Sistema.SIARAlgorithmTest ‚Äë EspesorTest\n'
            'Prueba_Sistema.SIARAlgorithmTest ‚Äë FlujoCaloricoTest\n'
            'Prueba_Sistema.SIARAlgorithmTest ‚Äë GetAlphaExternoTest\n'
            'Prueba_Sistema.SIARAlgorithmTest ‚Äë GetComposicionTest\n'
            'Prueba_Sistema.SIARAlgorithmTest ‚Äë GetDise√±oTest\n'
            'Prueba_Sistema.SIARAlgorithmTest ‚Äë GetSpesorTest\n'
            'Prueba_Sistema.SIARAlgorithmTest ‚Äë LamdaTest\n'
            'Prueba_Sistema.SIARAlgorithmTest ‚Äë MaterialesTest\n'
            'Prueba_Sistema.SIARAlgorithmTest ‚Äë PerdidaTotalTest\n'
            'Prueba_Sistema.SIARAlgorithmTest ‚Äë PesoTest\n'
            'Prueba_Sistema.SIARAlgorithmTest ‚Äë ProjectObjectTest\n'
            'Prueba_Sistema.SIARAlgorithmTest ‚Äë ProjectTest\n'
            'Prueba_Sistema.SIARAlgorithmTest ‚Äë SIARAlgorithmConstructorTest\n'
            'Prueba_Sistema.SIARAlgorithmTest ‚Äë SiSParcialTest\n'
            'Prueba_Sistema.SIARAlgorithmTest ‚Äë SpesorTest\n'
            'Prueba_Sistema.SIARAlgorithmTest ‚Äë TDataSetTest\n'
            'Prueba_Sistema.SIARAlgorithmTest ‚Äë TempExternaTest\n'
            'Prueba_Sistema.SIARAlgorithmTest ‚Äë VolumenTest\n'
            'Prueba_Sistema.UnitTest1 ‚Äë TestMethod1'
        }
      ]
    }
  }
]