{
  "title": "2 fail, 21 skipped, 2 pass in 26s",
  "summary": "25 tests‚ÄÇ‚ÄÉ‚ÄÉ‚Äá2 ‚úÖ‚ÄÉ‚ÄÉ26s ‚è±Ô∏è\n‚Äá1 suites‚ÄÉ‚ÄÉ21 üí§\n‚Äá1 files‚ÄÑ‚ÄÇ‚ÄÉ‚ÄÉ‚Äá2 ‚ùå\n\nResults for commit commit s.\n",
  "conclusion": "failure",
  "stats": {
    "files": 1,
    "errors": [],
    "suites": 1,
    "duration": 26,
    "tests": 25,
    "tests_succ": 2,
    "tests_skip": 21,
    "tests_fail": 2,
    "tests_error": 0,
    "runs": 25,
    "runs_succ": 2,
    "runs_skip": 21,
    "runs_fail": 2,
    "runs_error": 0,
    "commit": "commit sha"
  },
  "annotations": [
    {
      "path": "Prueba_Sistema.SIARAlgorithmTest",
      "start_line": 0,
      "end_line": 0,
      "annotation_level": "warning",
      "message": "yami_YAMILEX_2015-10-24_04_18_59.trx‚ÄÉ[took 19s]",
      "title": "EST_INTER_TEMPTest (Prueba_Sistema.SIARAlgorithmTest) failed",
      "raw_details": "El m√©todo de prueba Prueba_Sistema.SIARAlgorithmTest.EST_INTER_TEMPTest produjo la excepci√≥n: \nSystem.ArgumentOutOfRangeException: El √≠ndice estaba fuera del intervalo. Debe ser un valor no negativo e inferior al tama√±o de la colecci√≥n.\nNombre del par√°metro: index    en System.ThrowHelper.ThrowArgumentOutOfRangeException()\n   en System.Collections.Generic.List`1.set_Item(Int32 index, T value)\n   en TMC.Components.TemperatureControl.SIARAlgorithm.EST_INTER_TEMP(Double TAMP, Int32 TEXTERN) en E:\\TMC\\TMC\\Components\\TemperatureControl\\SIARAlgorithms.cs:l√≠nea 363\n   en Prueba_Sistema.SIARAlgorithmTest.EST_INTER_TEMPTest() en E:\\TMC\\Prueba_Sistema\\SIARAlgorithmTest.cs:l√≠nea 199"
    },
    {
      "path": "Prueba_Sistema.SIARAlgorithmTest",
      "start_line": 0,
      "end_line": 0,
      "annotation_level": "warning",
      "message": "yami_YAMILEX_2015-10-24_04_18_59.trx‚ÄÉ[took 2s]",
      "title": "EST_LAMB_TEMPTest (Prueba_Sistema.SIARAlgorithmTest) failed",
      "raw_details": "El m√©todo de prueba Prueba_Sistema.SIARAlgorithmTest.EST_LAMB_TEMPTest produjo la excepci√≥n: \nSystem.ArgumentOutOfRangeException: El √≠ndice estaba fuera del intervalo. Debe ser un valor no negativo e inferior al tama√±o de la colecci√≥n.\nNombre del par√°metro: index    en System.ThrowHelper.ThrowArgumentOutOfRangeException()\n   en System.Collections.Generic.List`1.get_Item(Int32 index)\n   en TMC.Components.TemperatureControl.SIARAlgorithm.EST_LAMB_TEMP(Double TINTPP, Double TAMP, Int32 TEXTERN, Int32 CRPBuscar) en E:\\TMC\\TMC\\Components\\TemperatureControl\\SIARAlgorithms.cs:l√≠nea 474\n   en Prueba_Sistema.SIARAlgorithmTest.EST_LAMB_TEMPTest() en E:\\TMC\\Prueba_Sistema\\SIARAlgorithmTest.cs:l√≠nea 217"
    },
    {
      "path": ".github",
      "start_line": 0,
      "end_line": 0,
      "annotation_level": "notice",
      "message": "There are 21 skipped tests, see \"Raw output\" for the full list of skipped tests.",
      "title": "21 skipped tests found",
      "raw_details": "Prueba_Sistema.SIARAlgorithmTest ‚Äë CompareTest\nPrueba_Sistema.SIARAlgorithmTest ‚Äë CostoTest\nPrueba_Sistema.SIARAlgorithmTest ‚Äë EST_SEG_TEMPTest\nPrueba_Sistema.SIARAlgorithmTest ‚Äë EspesorTest\nPrueba_Sistema.SIARAlgorithmTest ‚Äë FlujoCaloricoTest\nPrueba_Sistema.SIARAlgorithmTest ‚Äë GetAlphaExternoTest\nPrueba_Sistema.SIARAlgorithmTest ‚Äë GetComposicionTest\nPrueba_Sistema.SIARAlgorithmTest ‚Äë GetDise√±oTest\nPrueba_Sistema.SIARAlgorithmTest ‚Äë GetSpesorTest\nPrueba_Sistema.SIARAlgorithmTest ‚Äë LamdaTest\nPrueba_Sistema.SIARAlgorithmTest ‚Äë MaterialesTest\nPrueba_Sistema.SIARAlgorithmTest ‚Äë PerdidaTotalTest\nPrueba_Sistema.SIARAlgorithmTest ‚Äë PesoTest\nPrueba_Sistema.SIARAlgorithmTest ‚Äë ProjectObjectTest\nPrueba_Sistema.SIARAlgorithmTest ‚Äë ProjectTest\nPrueba_Sistema.SIARAlgorithmTest ‚Äë SIARAlgorithmConstructorTest\nPrueba_Sistema.SIARAlgorithmTest ‚Äë SiSParcialTest\nPrueba_Sistema.SIARAlgorithmTest ‚Äë SpesorTest\nPrueba_Sistema.SIARAlgorithmTest ‚Äë TDataSetTest\nPrueba_Sistema.SIARAlgorithmTest ‚Äë TempExternaTest\nPrueba_Sistema.SIARAlgorithmTest ‚Äë VolumenTest"
    },
    {
      "path": ".github",
      "start_line": 0,
      "end_line": 0,
      "annotation_level": "notice",
      "message": "There are 25 tests, see \"Raw output\" for the full list of tests.",
      "title": "25 tests found",
      "raw_details": "Prueba_Sistema.SIARAlgorithmTest ‚Äë ClearListTest\nPrueba_Sistema.SIARAlgorithmTest ‚Äë CompareTest\nPrueba_Sistema.SIARAlgorithmTest ‚Äë CostoTest\nPrueba_Sistema.SIARAlgorithmTest ‚Äë EST_INTER_TEMPTest\nPrueba_Sistema.SIARAlgorithmTest ‚Äë EST_LAMB_TEMPTest\nPrueba_Sistema.SIARAlgorithmTest ‚Äë EST_SEG_TEMPTest\nPrueba_Sistema.SIARAlgorithmTest ‚Äë EspesorTest\nPrueba_Sistema.SIARAlgorithmTest ‚Äë FlujoCaloricoTest\nPrueba_Sistema.SIARAlgorithmTest ‚Äë GetAlphaExternoTest\nPrueba_Sistema.SIARAlgorithmTest ‚Äë GetComposicionTest\nPrueba_Sistema.SIARAlgorithmTest ‚Äë GetDise√±oTest\nPrueba_Sistema.SIARAlgorithmTest ‚Äë GetSpesorTest\nPrueba_Sistema.SIARAlgorithmTest ‚Äë LamdaTest\nPrueba_Sistema.SIARAlgorithmTest ‚Äë MaterialesTest\nPrueba_Sistema.SIARAlgorithmTest ‚Äë PerdidaTotalTest\nPrueba_Sistema.SIARAlgorithmTest ‚Äë PesoTest\nPrueba_Sistema.SIARAlgorithmTest ‚Äë ProjectObjectTest\nPrueba_Sistema.SIARAlgorithmTest ‚Äë ProjectTest\nPrueba_Sistema.SIARAlgorithmTest ‚Äë SIARAlgorithmConstructorTest\nPrueba_Sistema.SIARAlgorithmTest ‚Äë SiSParcialTest\nPrueba_Sistema.SIARAlgorithmTest ‚Äë SpesorTest\nPrueba_Sistema.SIARAlgorithmTest ‚Äë TDataSetTest\nPrueba_Sistema.SIARAlgorithmTest ‚Äë TempExternaTest\nPrueba_Sistema.SIARAlgorithmTest ‚Äë VolumenTest\nPrueba_Sistema.UnitTest1 ‚Äë TestMethod1"
    }
  ],
  "check_url": "html",
  "formatted": {
    "stats": {
      "files": "1",
      "errors": [],
      "suites": "1",
      "duration": "26",
      "tests": "25",
      "tests_succ": "2",
      "tests_skip": "21",
      "tests_fail": "2",
      "tests_error": "0",
      "runs": "25",
      "runs_succ": "2",
      "runs_skip": "21",
      "runs_fail": "2",
      "runs_error": "0",
      "commit": "commit sha"
    }
  }
}