<?xml version="1.0" encoding="UTF-8" ?>
<testsuite 
errors="0" failures="0" hostname="fv-az60" name="uk.co.gresearch.spark.diff.DiffOptionsSuite" tests="5" time="2.238" timestamp="2020-09-10T13:34:55">
  <properties>
[...]
</properties>
  <testcase 
  name="diff options with empty diff column name" classname="uk.co.gresearch.spark.diff.DiffOptionsSuite" time="0.259">
</testcase>
  <testcase 
  name="diff options left and right prefixes" classname="uk.co.gresearch.spark.diff.DiffOptionsSuite" time="1.959">
</testcase>
  <testcase 
  name="diff options diff value" classname="uk.co.gresearch.spark.diff.DiffOptionsSuite" time="0.002">
</testcase>
  <testcase 
  name="diff options with change column name same as diff column" classname="uk.co.gresearch.spark.diff.DiffOptionsSuite" time="0.002">
</testcase>
  <testcase 
  name="fluent methods of diff options" classname="uk.co.gresearch.spark.diff.DiffOptionsSuite" time="0.001">
</testcase>
  <system-out><![CDATA[]]></system-out>
  <system-err><![CDATA[]]></system-err>
</testsuite>
